[2019-04-01 15:02:38,538 INFO] Loading checkpoint from transformer_model_step_200000.pt
[2019-04-01 15:02:39,651 INFO] Loading train dataset from data/demo.train.1.pt, number of examples: 5397
[2019-04-01 15:02:39,651 INFO] Loading vocab from checkpoint at transformer_model_step_200000.pt.
[2019-04-01 15:02:39,679 INFO]  * vocabulary size. source = 29929; target = 43370
[2019-04-01 15:02:39,679 INFO] Building model...
[2019-04-01 15:02:45,866 INFO] NMTModel(
  (encoder): TransformerEncoder(
    (embeddings): Embeddings(
      (make_embedding): Sequential(
        (emb_luts): Elementwise(
          (0): Embedding(29929, 512, padding_idx=1)
        )
        (pe): PositionalEncoding(
          (dropout): Dropout(p=0.1)
        )
      )
    )
    (transformer): ModuleList(
      (0): TransformerEncoderLayer(
        (self_attn): MultiHeadedAttention(
          (linear_keys): Linear(in_features=512, out_features=512, bias=True)
          (linear_values): Linear(in_features=512, out_features=512, bias=True)
          (linear_query): Linear(in_features=512, out_features=512, bias=True)
          (softmax): Softmax()
          (dropout): Dropout(p=0.1)
          (final_linear): Linear(in_features=512, out_features=512, bias=True)
        )
        (feed_forward): PositionwiseFeedForward(
          (w_1): Linear(in_features=512, out_features=2048, bias=True)
          (w_2): Linear(in_features=2048, out_features=512, bias=True)
          (layer_norm): LayerNorm()
          (dropout_1): Dropout(p=0.1)
          (relu): ReLU()
          (dropout_2): Dropout(p=0.1)
        )
        (layer_norm): LayerNorm()
        (dropout): Dropout(p=0.1)
      )
      (1): TransformerEncoderLayer(
        (self_attn): MultiHeadedAttention(
          (linear_keys): Linear(in_features=512, out_features=512, bias=True)
          (linear_values): Linear(in_features=512, out_features=512, bias=True)
          (linear_query): Linear(in_features=512, out_features=512, bias=True)
          (softmax): Softmax()
          (dropout): Dropout(p=0.1)
          (final_linear): Linear(in_features=512, out_features=512, bias=True)
        )
        (feed_forward): PositionwiseFeedForward(
          (w_1): Linear(in_features=512, out_features=2048, bias=True)
          (w_2): Linear(in_features=2048, out_features=512, bias=True)
          (layer_norm): LayerNorm()
          (dropout_1): Dropout(p=0.1)
          (relu): ReLU()
          (dropout_2): Dropout(p=0.1)
        )
        (layer_norm): LayerNorm()
        (dropout): Dropout(p=0.1)
      )
      (2): TransformerEncoderLayer(
        (self_attn): MultiHeadedAttention(
          (linear_keys): Linear(in_features=512, out_features=512, bias=True)
          (linear_values): Linear(in_features=512, out_features=512, bias=True)
          (linear_query): Linear(in_features=512, out_features=512, bias=True)
          (softmax): Softmax()
          (dropout): Dropout(p=0.1)
          (final_linear): Linear(in_features=512, out_features=512, bias=True)
        )
        (feed_forward): PositionwiseFeedForward(
          (w_1): Linear(in_features=512, out_features=2048, bias=True)
          (w_2): Linear(in_features=2048, out_features=512, bias=True)
          (layer_norm): LayerNorm()
          (dropout_1): Dropout(p=0.1)
          (relu): ReLU()
          (dropout_2): Dropout(p=0.1)
        )
        (layer_norm): LayerNorm()
        (dropout): Dropout(p=0.1)
      )
      (3): TransformerEncoderLayer(
        (self_attn): MultiHeadedAttention(
          (linear_keys): Linear(in_features=512, out_features=512, bias=True)
          (linear_values): Linear(in_features=512, out_features=512, bias=True)
          (linear_query): Linear(in_features=512, out_features=512, bias=True)
          (softmax): Softmax()
          (dropout): Dropout(p=0.1)
          (final_linear): Linear(in_features=512, out_features=512, bias=True)
        )
        (feed_forward): PositionwiseFeedForward(
          (w_1): Linear(in_features=512, out_features=2048, bias=True)
          (w_2): Linear(in_features=2048, out_features=512, bias=True)
          (layer_norm): LayerNorm()
          (dropout_1): Dropout(p=0.1)
          (relu): ReLU()
          (dropout_2): Dropout(p=0.1)
        )
        (layer_norm): LayerNorm()
        (dropout): Dropout(p=0.1)
      )
      (4): TransformerEncoderLayer(
        (self_attn): MultiHeadedAttention(
          (linear_keys): Linear(in_features=512, out_features=512, bias=True)
          (linear_values): Linear(in_features=512, out_features=512, bias=True)
          (linear_query): Linear(in_features=512, out_features=512, bias=True)
          (softmax): Softmax()
          (dropout): Dropout(p=0.1)
          (final_linear): Linear(in_features=512, out_features=512, bias=True)
        )
        (feed_forward): PositionwiseFeedForward(
          (w_1): Linear(in_features=512, out_features=2048, bias=True)
          (w_2): Linear(in_features=2048, out_features=512, bias=True)
          (layer_norm): LayerNorm()
          (dropout_1): Dropout(p=0.1)
          (relu): ReLU()
          (dropout_2): Dropout(p=0.1)
        )
        (layer_norm): LayerNorm()
        (dropout): Dropout(p=0.1)
      )
      (5): TransformerEncoderLayer(
        (self_attn): MultiHeadedAttention(
          (linear_keys): Linear(in_features=512, out_features=512, bias=True)
          (linear_values): Linear(in_features=512, out_features=512, bias=True)
          (linear_query): Linear(in_features=512, out_features=512, bias=True)
          (softmax): Softmax()
          (dropout): Dropout(p=0.1)
          (final_linear): Linear(in_features=512, out_features=512, bias=True)
        )
        (feed_forward): PositionwiseFeedForward(
          (w_1): Linear(in_features=512, out_features=2048, bias=True)
          (w_2): Linear(in_features=2048, out_features=512, bias=True)
          (layer_norm): LayerNorm()
          (dropout_1): Dropout(p=0.1)
          (relu): ReLU()
          (dropout_2): Dropout(p=0.1)
        )
        (layer_norm): LayerNorm()
        (dropout): Dropout(p=0.1)
      )
    )
    (layer_norm): LayerNorm()
  )
  (decoder): TransformerDecoder(
    (embeddings): Embeddings(
      (make_embedding): Sequential(
        (emb_luts): Elementwise(
          (0): Embedding(43370, 512, padding_idx=1)
        )
        (pe): PositionalEncoding(
          (dropout): Dropout(p=0.1)
        )
      )
    )
    (transformer_layers): ModuleList(
      (0): TransformerDecoderLayer(
        (self_attn): MultiHeadedAttention(
          (linear_keys): Linear(in_features=512, out_features=512, bias=True)
          (linear_values): Linear(in_features=512, out_features=512, bias=True)
          (linear_query): Linear(in_features=512, out_features=512, bias=True)
          (softmax): Softmax()
          (dropout): Dropout(p=0.1)
          (final_linear): Linear(in_features=512, out_features=512, bias=True)
        )
        (context_attn): MultiHeadedAttention(
          (linear_keys): Linear(in_features=512, out_features=512, bias=True)
          (linear_values): Linear(in_features=512, out_features=512, bias=True)
          (linear_query): Linear(in_features=512, out_features=512, bias=True)
          (softmax): Softmax()
          (dropout): Dropout(p=0.1)
          (final_linear): Linear(in_features=512, out_features=512, bias=True)
        )
        (feed_forward): PositionwiseFeedForward(
          (w_1): Linear(in_features=512, out_features=2048, bias=True)
          (w_2): Linear(in_features=2048, out_features=512, bias=True)
          (layer_norm): LayerNorm()
          (dropout_1): Dropout(p=0.1)
          (relu): ReLU()
          (dropout_2): Dropout(p=0.1)
        )
        (layer_norm_1): LayerNorm()
        (layer_norm_2): LayerNorm()
        (drop): Dropout(p=0.1)
      )
      (1): TransformerDecoderLayer(
        (self_attn): MultiHeadedAttention(
          (linear_keys): Linear(in_features=512, out_features=512, bias=True)
          (linear_values): Linear(in_features=512, out_features=512, bias=True)
          (linear_query): Linear(in_features=512, out_features=512, bias=True)
          (softmax): Softmax()
          (dropout): Dropout(p=0.1)
          (final_linear): Linear(in_features=512, out_features=512, bias=True)
        )
        (context_attn): MultiHeadedAttention(
          (linear_keys): Linear(in_features=512, out_features=512, bias=True)
          (linear_values): Linear(in_features=512, out_features=512, bias=True)
          (linear_query): Linear(in_features=512, out_features=512, bias=True)
          (softmax): Softmax()
          (dropout): Dropout(p=0.1)
          (final_linear): Linear(in_features=512, out_features=512, bias=True)
        )
        (feed_forward): PositionwiseFeedForward(
          (w_1): Linear(in_features=512, out_features=2048, bias=True)
          (w_2): Linear(in_features=2048, out_features=512, bias=True)
          (layer_norm): LayerNorm()
          (dropout_1): Dropout(p=0.1)
          (relu): ReLU()
          (dropout_2): Dropout(p=0.1)
        )
        (layer_norm_1): LayerNorm()
        (layer_norm_2): LayerNorm()
        (drop): Dropout(p=0.1)
      )
      (2): TransformerDecoderLayer(
        (self_attn): MultiHeadedAttention(
          (linear_keys): Linear(in_features=512, out_features=512, bias=True)
          (linear_values): Linear(in_features=512, out_features=512, bias=True)
          (linear_query): Linear(in_features=512, out_features=512, bias=True)
          (softmax): Softmax()
          (dropout): Dropout(p=0.1)
          (final_linear): Linear(in_features=512, out_features=512, bias=True)
        )
        (context_attn): MultiHeadedAttention(
          (linear_keys): Linear(in_features=512, out_features=512, bias=True)
          (linear_values): Linear(in_features=512, out_features=512, bias=True)
          (linear_query): Linear(in_features=512, out_features=512, bias=True)
          (softmax): Softmax()
          (dropout): Dropout(p=0.1)
          (final_linear): Linear(in_features=512, out_features=512, bias=True)
        )
        (feed_forward): PositionwiseFeedForward(
          (w_1): Linear(in_features=512, out_features=2048, bias=True)
          (w_2): Linear(in_features=2048, out_features=512, bias=True)
          (layer_norm): LayerNorm()
          (dropout_1): Dropout(p=0.1)
          (relu): ReLU()
          (dropout_2): Dropout(p=0.1)
        )
        (layer_norm_1): LayerNorm()
        (layer_norm_2): LayerNorm()
        (drop): Dropout(p=0.1)
      )
      (3): TransformerDecoderLayer(
        (self_attn): MultiHeadedAttention(
          (linear_keys): Linear(in_features=512, out_features=512, bias=True)
          (linear_values): Linear(in_features=512, out_features=512, bias=True)
          (linear_query): Linear(in_features=512, out_features=512, bias=True)
          (softmax): Softmax()
          (dropout): Dropout(p=0.1)
          (final_linear): Linear(in_features=512, out_features=512, bias=True)
        )
        (context_attn): MultiHeadedAttention(
          (linear_keys): Linear(in_features=512, out_features=512, bias=True)
          (linear_values): Linear(in_features=512, out_features=512, bias=True)
          (linear_query): Linear(in_features=512, out_features=512, bias=True)
          (softmax): Softmax()
          (dropout): Dropout(p=0.1)
          (final_linear): Linear(in_features=512, out_features=512, bias=True)
        )
        (feed_forward): PositionwiseFeedForward(
          (w_1): Linear(in_features=512, out_features=2048, bias=True)
          (w_2): Linear(in_features=2048, out_features=512, bias=True)
          (layer_norm): LayerNorm()
          (dropout_1): Dropout(p=0.1)
          (relu): ReLU()
          (dropout_2): Dropout(p=0.1)
        )
        (layer_norm_1): LayerNorm()
        (layer_norm_2): LayerNorm()
        (drop): Dropout(p=0.1)
      )
      (4): TransformerDecoderLayer(
        (self_attn): MultiHeadedAttention(
          (linear_keys): Linear(in_features=512, out_features=512, bias=True)
          (linear_values): Linear(in_features=512, out_features=512, bias=True)
          (linear_query): Linear(in_features=512, out_features=512, bias=True)
          (softmax): Softmax()
          (dropout): Dropout(p=0.1)
          (final_linear): Linear(in_features=512, out_features=512, bias=True)
        )
        (context_attn): MultiHeadedAttention(
          (linear_keys): Linear(in_features=512, out_features=512, bias=True)
          (linear_values): Linear(in_features=512, out_features=512, bias=True)
          (linear_query): Linear(in_features=512, out_features=512, bias=True)
          (softmax): Softmax()
          (dropout): Dropout(p=0.1)
          (final_linear): Linear(in_features=512, out_features=512, bias=True)
        )
        (feed_forward): PositionwiseFeedForward(
          (w_1): Linear(in_features=512, out_features=2048, bias=True)
          (w_2): Linear(in_features=2048, out_features=512, bias=True)
          (layer_norm): LayerNorm()
          (dropout_1): Dropout(p=0.1)
          (relu): ReLU()
          (dropout_2): Dropout(p=0.1)
        )
        (layer_norm_1): LayerNorm()
        (layer_norm_2): LayerNorm()
        (drop): Dropout(p=0.1)
      )
      (5): TransformerDecoderLayer(
        (self_attn): MultiHeadedAttention(
          (linear_keys): Linear(in_features=512, out_features=512, bias=True)
          (linear_values): Linear(in_features=512, out_features=512, bias=True)
          (linear_query): Linear(in_features=512, out_features=512, bias=True)
          (softmax): Softmax()
          (dropout): Dropout(p=0.1)
          (final_linear): Linear(in_features=512, out_features=512, bias=True)
        )
        (context_attn): MultiHeadedAttention(
          (linear_keys): Linear(in_features=512, out_features=512, bias=True)
          (linear_values): Linear(in_features=512, out_features=512, bias=True)
          (linear_query): Linear(in_features=512, out_features=512, bias=True)
          (softmax): Softmax()
          (dropout): Dropout(p=0.1)
          (final_linear): Linear(in_features=512, out_features=512, bias=True)
        )
        (feed_forward): PositionwiseFeedForward(
          (w_1): Linear(in_features=512, out_features=2048, bias=True)
          (w_2): Linear(in_features=2048, out_features=512, bias=True)
          (layer_norm): LayerNorm()
          (dropout_1): Dropout(p=0.1)
          (relu): ReLU()
          (dropout_2): Dropout(p=0.1)
        )
        (layer_norm_1): LayerNorm()
        (layer_norm_2): LayerNorm()
        (drop): Dropout(p=0.1)
      )
    )
    (layer_norm): LayerNorm()
  )
  (generator): Sequential(
    (0): Linear(in_features=512, out_features=43370, bias=True)
    (1): LogSoftmax()
  )
)
[2019-04-01 15:02:45,871 INFO] encoder: 34238976
[2019-04-01 15:02:45,872 INFO] decoder: 69679466
[2019-04-01 15:02:45,872 INFO] * number of parameters: 103918442
/home/nlpgpu3/anaconda3/envs/linohong3/lib/python3.6/site-packages/torch/nn/functional.py:52: UserWarning: size_average and reduce args will be deprecated, please use reduction='sum' instead.
  warnings.warn(warning.format(ret))
[2019-04-01 15:02:46,516 INFO] Start training...
[2019-04-01 15:02:46,630 INFO] Loading train dataset from data/demo.train.1.pt, number of examples: 5397
[2019-04-01 15:02:59,861 INFO] Step 200050/220000; acc:  32.75; ppl: 35.91; xent: 3.58; lr: 0.00020; 18525/3443 tok/s;     13 sec
[2019-04-01 15:03:08,502 INFO] Loading train dataset from data/demo.train.1.pt, number of examples: 5397
[2019-04-01 15:03:12,422 INFO] Step 200100/220000; acc:  29.28; ppl: 36.97; xent: 3.61; lr: 0.00020; 14785/4246 tok/s;     26 sec
[2019-04-01 15:03:25,350 INFO] Step 200150/220000; acc:  34.64; ppl: 24.19; xent: 3.19; lr: 0.00020; 17908/2414 tok/s;     39 sec
[2019-04-01 15:03:30,258 INFO] Loading train dataset from data/demo.train.1.pt, number of examples: 5397
[2019-04-01 15:03:38,301 INFO] Step 200200/220000; acc:  33.84; ppl: 24.84; xent: 3.21; lr: 0.00020; 16643/3732 tok/s;     52 sec
[2019-04-01 15:03:50,860 INFO] Step 200250/220000; acc:  38.33; ppl: 18.85; xent: 2.94; lr: 0.00020; 15718/2188 tok/s;     64 sec
[2019-04-01 15:03:52,106 INFO] Loading train dataset from data/demo.train.1.pt, number of examples: 5397
[2019-04-01 15:04:03,891 INFO] Step 200300/220000; acc:  36.82; ppl: 22.96; xent: 3.13; lr: 0.00020; 14620/3722 tok/s;     77 sec
[2019-04-01 15:04:14,078 INFO] Loading train dataset from data/demo.train.1.pt, number of examples: 5397
[2019-04-01 15:04:16,644 INFO] Step 200350/220000; acc:  37.47; ppl: 20.64; xent: 3.03; lr: 0.00020; 14824/3682 tok/s;     90 sec
[2019-04-01 15:04:29,704 INFO] Step 200400/220000; acc:  36.14; ppl: 17.05; xent: 2.84; lr: 0.00020; 16012/2744 tok/s;    103 sec
[2019-04-01 15:04:36,019 INFO] Loading train dataset from data/demo.train.1.pt, number of examples: 5397
[2019-04-01 15:04:42,780 INFO] Step 200450/220000; acc:  40.29; ppl: 14.05; xent: 2.64; lr: 0.00020; 18286/2302 tok/s;    116 sec
[2019-04-01 15:04:55,502 INFO] Step 200500/220000; acc:  40.62; ppl: 14.39; xent: 2.67; lr: 0.00020; 17344/3140 tok/s;    129 sec
[2019-04-01 15:04:58,032 INFO] Loading train dataset from data/demo.train.1.pt, number of examples: 5397
[2019-04-01 15:05:08,653 INFO] Step 200550/220000; acc:  41.50; ppl: 13.13; xent: 2.57; lr: 0.00020; 18742/3194 tok/s;    142 sec
[2019-04-01 15:05:20,172 INFO] Loading train dataset from data/demo.train.1.pt, number of examples: 5397
[2019-04-01 15:05:21,555 INFO] Step 200600/220000; acc:  42.15; ppl: 12.80; xent: 2.55; lr: 0.00020; 12492/3311 tok/s;    155 sec
[2019-04-01 15:05:34,860 INFO] Step 200650/220000; acc:  42.94; ppl: 12.28; xent: 2.51; lr: 0.00020; 15563/3344 tok/s;    168 sec
[2019-04-01 15:05:42,469 INFO] Loading train dataset from data/demo.train.1.pt, number of examples: 5397
[2019-04-01 15:05:47,904 INFO] Step 200700/220000; acc:  47.42; ppl: 10.19; xent: 2.32; lr: 0.00020; 19565/3124 tok/s;    181 sec
[2019-04-01 15:06:01,130 INFO] Step 200750/220000; acc:  42.72; ppl: 11.82; xent: 2.47; lr: 0.00020; 16525/3341 tok/s;    194 sec
[2019-04-01 15:06:04,903 INFO] Loading train dataset from data/demo.train.1.pt, number of examples: 5397
[2019-04-01 15:06:14,503 INFO] Step 200800/220000; acc:  50.95; ppl:  7.89; xent: 2.07; lr: 0.00020; 17067/2183 tok/s;    208 sec
[2019-04-01 15:06:27,299 INFO] Step 200850/220000; acc:  47.01; ppl:  9.51; xent: 2.25; lr: 0.00020; 14386/2681 tok/s;    221 sec
[2019-04-01 15:06:27,385 INFO] Loading train dataset from data/demo.train.1.pt, number of examples: 5397
[2019-04-01 15:06:40,906 INFO] Step 200900/220000; acc:  51.82; ppl:  8.19; xent: 2.10; lr: 0.00020; 16057/2984 tok/s;    234 sec
[2019-04-01 15:06:49,925 INFO] Loading train dataset from data/demo.train.1.pt, number of examples: 5397
[2019-04-01 15:06:53,906 INFO] Step 200950/220000; acc:  53.81; ppl:  7.52; xent: 2.02; lr: 0.00020; 14183/4073 tok/s;    247 sec
[2019-04-01 15:07:07,235 INFO] Step 201000/220000; acc:  54.64; ppl:  6.70; xent: 1.90; lr: 0.00020; 18737/2526 tok/s;    261 sec
[2019-04-01 15:07:12,301 INFO] Loading train dataset from data/demo.train.1.pt, number of examples: 5397
[2019-04-01 15:07:20,548 INFO] Step 201050/220000; acc:  56.22; ppl:  5.92; xent: 1.78; lr: 0.00020; 16228/3639 tok/s;    274 sec
[2019-04-01 15:07:33,745 INFO] Step 201100/220000; acc:  55.03; ppl:  6.67; xent: 1.90; lr: 0.00020; 16292/2268 tok/s;    287 sec
[2019-04-01 15:07:35,047 INFO] Loading train dataset from data/demo.train.1.pt, number of examples: 5397
[2019-04-01 15:07:47,189 INFO] Step 201150/220000; acc:  58.24; ppl:  5.48; xent: 1.70; lr: 0.00020; 13569/3455 tok/s;    301 sec
[2019-04-01 15:07:57,489 INFO] Loading train dataset from data/demo.train.1.pt, number of examples: 5397
[2019-04-01 15:08:00,125 INFO] Step 201200/220000; acc:  59.34; ppl:  5.42; xent: 1.69; lr: 0.00020; 14627/3633 tok/s;    313 sec
[2019-04-01 15:08:13,514 INFO] Step 201250/220000; acc:  58.64; ppl:  5.11; xent: 1.63; lr: 0.00020; 14991/2569 tok/s;    327 sec
[2019-04-01 15:08:19,948 INFO] Loading train dataset from data/demo.train.1.pt, number of examples: 5397
[2019-04-01 15:08:26,930 INFO] Step 201300/220000; acc:  57.91; ppl:  5.10; xent: 1.63; lr: 0.00020; 18271/2300 tok/s;    340 sec
[2019-04-01 15:08:40,067 INFO] Step 201350/220000; acc:  61.61; ppl:  5.35; xent: 1.68; lr: 0.00020; 16394/2968 tok/s;    353 sec
[2019-04-01 15:08:42,565 INFO] Loading train dataset from data/demo.train.1.pt, number of examples: 5397
[2019-04-01 15:08:53,610 INFO] Step 201400/220000; acc:  63.21; ppl:  4.23; xent: 1.44; lr: 0.00020; 18905/3222 tok/s;    367 sec
[2019-04-01 15:09:05,337 INFO] Loading train dataset from data/demo.train.1.pt, number of examples: 5397
[2019-04-01 15:09:06,810 INFO] Step 201450/220000; acc:  59.87; ppl:  4.70; xent: 1.55; lr: 0.00020; 12095/3205 tok/s;    380 sec
[2019-04-01 15:09:20,411 INFO] Step 201500/220000; acc:  66.75; ppl:  3.67; xent: 1.30; lr: 0.00020; 15458/3321 tok/s;    394 sec
[2019-04-01 15:09:28,353 INFO] Loading train dataset from data/demo.train.1.pt, number of examples: 5397
[2019-04-01 15:09:33,882 INFO] Step 201550/220000; acc:  68.76; ppl:  3.42; xent: 1.23; lr: 0.00020; 18902/3019 tok/s;    407 sec
[2019-04-01 15:09:47,191 INFO] Step 201600/220000; acc:  66.51; ppl:  3.68; xent: 1.30; lr: 0.00020; 17334/3504 tok/s;    421 sec
[2019-04-01 15:09:51,189 INFO] Loading train dataset from data/demo.train.1.pt, number of examples: 5397
[2019-04-01 15:10:00,930 INFO] Step 201650/220000; acc:  67.83; ppl:  3.56; xent: 1.27; lr: 0.00020; 13934/1782 tok/s;    434 sec
[2019-04-01 15:10:13,794 INFO] Step 201700/220000; acc:  64.62; ppl:  4.14; xent: 1.42; lr: 0.00020; 12918/2408 tok/s;    447 sec
[2019-04-01 15:10:13,879 INFO] Loading train dataset from data/demo.train.1.pt, number of examples: 5397
[2019-04-01 15:10:27,620 INFO] Step 201750/220000; acc:  70.64; ppl:  3.45; xent: 1.24; lr: 0.00020; 16895/3140 tok/s;    461 sec
[2019-04-01 15:10:36,752 INFO] Loading train dataset from data/demo.train.1.pt, number of examples: 5397
[2019-04-01 15:10:40,748 INFO] Step 201800/220000; acc:  70.82; ppl:  3.28; xent: 1.19; lr: 0.00020; 14743/4234 tok/s;    474 sec
[2019-04-01 15:10:54,144 INFO] Step 201850/220000; acc:  72.61; ppl:  2.78; xent: 1.02; lr: 0.00020; 16859/2273 tok/s;    488 sec
[2019-04-01 15:10:59,243 INFO] Loading train dataset from data/demo.train.1.pt, number of examples: 5397
[2019-04-01 15:11:07,515 INFO] Step 201900/220000; acc:  71.99; ppl:  2.92; xent: 1.07; lr: 0.00020; 15980/3583 tok/s;    501 sec
[2019-04-01 15:11:20,754 INFO] Step 201950/220000; acc:  69.85; ppl:  3.24; xent: 1.18; lr: 0.00020; 16163/2250 tok/s;    514 sec
[2019-04-01 15:11:22,041 INFO] Loading train dataset from data/demo.train.1.pt, number of examples: 5397
[2019-04-01 15:11:34,346 INFO] Step 202000/220000; acc:  72.56; ppl:  2.88; xent: 1.06; lr: 0.00020; 14472/3685 tok/s;    528 sec
[2019-04-01 15:11:44,406 INFO] Loading train dataset from data/demo.train.1.pt, number of examples: 5397
[2019-04-01 15:11:47,061 INFO] Step 202050/220000; acc:  72.97; ppl:  2.68; xent: 0.99; lr: 0.00020; 15355/3814 tok/s;    540 sec
[2019-04-01 15:12:00,494 INFO] Step 202100/220000; acc:  72.86; ppl:  2.65; xent: 0.97; lr: 0.00020; 13932/2388 tok/s;    554 sec
[2019-04-01 15:12:06,937 INFO] Loading train dataset from data/demo.train.1.pt, number of examples: 5397
[2019-04-01 15:12:13,850 INFO] Step 202150/220000; acc:  69.06; ppl:  3.13; xent: 1.14; lr: 0.00020; 20777/2616 tok/s;    567 sec
[2019-04-01 15:12:26,890 INFO] Step 202200/220000; acc:  73.81; ppl:  2.70; xent: 0.99; lr: 0.00020; 15960/2889 tok/s;    580 sec
[2019-04-01 15:12:29,393 INFO] Loading train dataset from data/demo.train.1.pt, number of examples: 5397
[2019-04-01 15:12:40,471 INFO] Step 202250/220000; acc:  76.00; ppl:  2.36; xent: 0.86; lr: 0.00020; 17843/3041 tok/s;    594 sec
[2019-04-01 15:12:52,023 INFO] Loading train dataset from data/demo.train.1.pt, number of examples: 5397
[2019-04-01 15:12:53,355 INFO] Step 202300/220000; acc:  75.70; ppl:  2.62; xent: 0.96; lr: 0.00020; 13045/3457 tok/s;    607 sec
[2019-04-01 15:13:06,931 INFO] Step 202350/220000; acc:  78.35; ppl:  2.20; xent: 0.79; lr: 0.00020; 15153/3256 tok/s;    620 sec
[2019-04-01 15:13:14,761 INFO] Loading train dataset from data/demo.train.1.pt, number of examples: 5397
[2019-04-01 15:13:20,300 INFO] Step 202400/220000; acc:  80.21; ppl:  2.10; xent: 0.74; lr: 0.00020; 19129/3055 tok/s;    634 sec
[2019-04-01 15:13:33,645 INFO] Step 202450/220000; acc:  81.83; ppl:  2.00; xent: 0.69; lr: 0.00020; 18383/3716 tok/s;    647 sec
[2019-04-01 15:13:37,388 INFO] Loading train dataset from data/demo.train.1.pt, number of examples: 5397
[2019-04-01 15:13:46,780 INFO] Step 202500/220000; acc:  77.87; ppl:  2.22; xent: 0.80; lr: 0.00020; 19273/2465 tok/s;    660 sec
[2019-04-01 15:13:59,489 INFO] Step 202550/220000; acc:  76.09; ppl:  2.43; xent: 0.89; lr: 0.00020; 13722/2558 tok/s;    673 sec
[2019-04-01 15:13:59,621 INFO] Loading train dataset from data/demo.train.1.pt, number of examples: 5397
[2019-04-01 15:14:12,994 INFO] Step 202600/220000; acc:  81.05; ppl:  2.15; xent: 0.77; lr: 0.00020; 16130/2998 tok/s;    686 sec
[2019-04-01 15:14:21,865 INFO] Loading train dataset from data/demo.train.1.pt, number of examples: 5397
[2019-04-01 15:14:25,996 INFO] Step 202650/220000; acc:  81.31; ppl:  2.11; xent: 0.75; lr: 0.00020; 14839/4262 tok/s;    699 sec
[2019-04-01 15:14:39,218 INFO] Step 202700/220000; acc:  82.03; ppl:  1.87; xent: 0.62; lr: 0.00020; 18122/2443 tok/s;    713 sec
[2019-04-01 15:14:44,382 INFO] Loading train dataset from data/demo.train.1.pt, number of examples: 5397
[2019-04-01 15:14:52,727 INFO] Step 202750/220000; acc:  82.13; ppl:  1.88; xent: 0.63; lr: 0.00020; 16520/3704 tok/s;    726 sec
[2019-04-01 15:15:05,595 INFO] Step 202800/220000; acc:  81.26; ppl:  2.12; xent: 0.75; lr: 0.00020; 15944/2219 tok/s;    739 sec
[2019-04-01 15:15:06,870 INFO] Loading train dataset from data/demo.train.1.pt, number of examples: 5397
[2019-04-01 15:15:18,893 INFO] Step 202850/220000; acc:  81.23; ppl:  2.08; xent: 0.73; lr: 0.00020; 14259/3630 tok/s;    752 sec
[2019-04-01 15:15:29,170 INFO] Loading train dataset from data/demo.train.1.pt, number of examples: 5397
[2019-04-01 15:15:31,774 INFO] Step 202900/220000; acc:  84.51; ppl:  1.76; xent: 0.57; lr: 0.00020; 14780/3671 tok/s;    765 sec
[2019-04-01 15:15:45,274 INFO] Step 202950/220000; acc:  81.42; ppl:  1.89; xent: 0.64; lr: 0.00020; 14342/2458 tok/s;    779 sec
[2019-04-01 15:15:51,738 INFO] Loading train dataset from data/demo.train.1.pt, number of examples: 5397
[2019-04-01 15:15:58,800 INFO] Step 203000/220000; acc:  76.80; ppl:  2.21; xent: 0.79; lr: 0.00020; 20277/2553 tok/s;    792 sec
[2019-04-01 15:16:11,653 INFO] Step 203050/220000; acc:  83.63; ppl:  1.92; xent: 0.65; lr: 0.00020; 17305/3133 tok/s;    805 sec
[2019-04-01 15:16:14,231 INFO] Loading train dataset from data/demo.train.1.pt, number of examples: 5397
[2019-04-01 15:16:24,949 INFO] Step 203100/220000; acc:  84.08; ppl:  1.76; xent: 0.56; lr: 0.00020; 19468/3318 tok/s;    818 sec
[2019-04-01 15:16:36,443 INFO] Loading train dataset from data/demo.train.1.pt, number of examples: 5397
[2019-04-01 15:16:37,774 INFO] Step 203150/220000; acc:  81.01; ppl:  1.91; xent: 0.65; lr: 0.00020; 13165/3489 tok/s;    831 sec
[2019-04-01 15:16:51,221 INFO] Step 203200/220000; acc:  86.96; ppl:  1.63; xent: 0.49; lr: 0.00020; 13909/2988 tok/s;    845 sec
[2019-04-01 15:16:59,061 INFO] Loading train dataset from data/demo.train.1.pt, number of examples: 5397
[2019-04-01 15:17:04,444 INFO] Step 203250/220000; acc:  86.80; ppl:  1.60; xent: 0.47; lr: 0.00020; 20118/3213 tok/s;    858 sec
[2019-04-01 15:17:17,496 INFO] Step 203300/220000; acc:  86.68; ppl:  1.56; xent: 0.45; lr: 0.00020; 18354/3710 tok/s;    871 sec
[2019-04-01 15:17:21,374 INFO] Loading train dataset from data/demo.train.1.pt, number of examples: 5397
[2019-04-01 15:17:30,784 INFO] Step 203350/220000; acc:  87.05; ppl:  1.60; xent: 0.47; lr: 0.00020; 18582/2376 tok/s;    884 sec
[2019-04-01 15:17:43,339 INFO] Step 203400/220000; acc:  83.52; ppl:  1.77; xent: 0.57; lr: 0.00020; 14304/2666 tok/s;    897 sec
[2019-04-01 15:17:43,414 INFO] Loading train dataset from data/demo.train.1.pt, number of examples: 5397
[2019-04-01 15:17:56,806 INFO] Step 203450/220000; acc:  85.57; ppl:  1.67; xent: 0.51; lr: 0.00020; 17827/3314 tok/s;    910 sec
[2019-04-01 15:18:05,653 INFO] Loading train dataset from data/demo.train.1.pt, number of examples: 5397
[2019-04-01 15:18:09,802 INFO] Step 203500/220000; acc:  86.65; ppl:  1.57; xent: 0.45; lr: 0.00020; 13558/3894 tok/s;    923 sec
[2019-04-01 15:18:23,045 INFO] Step 203550/220000; acc:  87.83; ppl:  1.49; xent: 0.40; lr: 0.00020; 18476/2491 tok/s;    936 sec
[2019-04-01 15:18:28,201 INFO] Loading train dataset from data/demo.train.1.pt, number of examples: 5397
[2019-04-01 15:18:36,415 INFO] Step 203600/220000; acc:  87.95; ppl:  1.51; xent: 0.41; lr: 0.00020; 16403/3678 tok/s;    950 sec
[2019-04-01 15:18:49,297 INFO] Step 203650/220000; acc:  88.25; ppl:  1.57; xent: 0.45; lr: 0.00020; 14789/2059 tok/s;    963 sec
[2019-04-01 15:18:50,534 INFO] Loading train dataset from data/demo.train.1.pt, number of examples: 5397
[2019-04-01 15:19:02,725 INFO] Step 203700/220000; acc:  85.20; ppl:  1.67; xent: 0.51; lr: 0.00020; 14016/3568 tok/s;    976 sec
[2019-04-01 15:19:13,071 INFO] Loading train dataset from data/demo.train.1.pt, number of examples: 5397
[2019-04-01 15:19:15,723 INFO] Step 203750/220000; acc:  89.23; ppl:  1.44; xent: 0.37; lr: 0.00020; 14679/3646 tok/s;    989 sec
[2019-04-01 15:19:29,101 INFO] Step 203800/220000; acc:  87.37; ppl:  1.52; xent: 0.42; lr: 0.00020; 15895/2724 tok/s;   1002 sec
[2019-04-01 15:19:35,512 INFO] Loading train dataset from data/demo.train.1.pt, number of examples: 5397
[2019-04-01 15:19:42,347 INFO] Step 203850/220000; acc:  85.79; ppl:  1.61; xent: 0.47; lr: 0.00020; 18792/2366 tok/s;   1016 sec
[2019-04-01 15:19:55,356 INFO] Step 203900/220000; acc:  88.54; ppl:  1.56; xent: 0.45; lr: 0.00020; 15908/2880 tok/s;   1029 sec
[2019-04-01 15:19:58,050 INFO] Loading train dataset from data/demo.train.1.pt, number of examples: 5397
[2019-04-01 15:20:08,962 INFO] Step 203950/220000; acc:  90.83; ppl:  1.43; xent: 0.35; lr: 0.00020; 18545/3161 tok/s;   1042 sec
[2019-04-01 15:20:20,550 INFO] Loading train dataset from data/demo.train.1.pt, number of examples: 5397
[2019-04-01 15:20:21,863 INFO] Step 204000/220000; acc:  86.58; ppl:  1.51; xent: 0.41; lr: 0.00020; 13036/3455 tok/s;   1055 sec
[2019-04-01 15:20:35,257 INFO] Step 204050/220000; acc:  91.63; ppl:  1.37; xent: 0.32; lr: 0.00020; 14566/3130 tok/s;   1069 sec
[2019-04-01 15:20:42,879 INFO] Loading train dataset from data/demo.train.1.pt, number of examples: 5397
[2019-04-01 15:20:48,407 INFO] Step 204100/220000; acc:  91.96; ppl:  1.31; xent: 0.27; lr: 0.00020; 17937/2865 tok/s;   1082 sec
[2019-04-01 15:21:01,659 INFO] Step 204150/220000; acc:  93.24; ppl:  1.27; xent: 0.24; lr: 0.00020; 17458/3529 tok/s;   1095 sec
[2019-04-01 15:21:05,547 INFO] Loading train dataset from data/demo.train.1.pt, number of examples: 5397
[2019-04-01 15:21:15,163 INFO] Step 204200/220000; acc:  91.12; ppl:  1.34; xent: 0.29; lr: 0.00020; 16552/2117 tok/s;   1109 sec
[2019-04-01 15:21:27,868 INFO] Step 204250/220000; acc:  91.76; ppl:  1.34; xent: 0.29; lr: 0.00020; 14496/2702 tok/s;   1121 sec
[2019-04-01 15:21:27,961 INFO] Loading train dataset from data/demo.train.1.pt, number of examples: 5397
[2019-04-01 15:21:41,524 INFO] Step 204300/220000; acc:  89.96; ppl:  1.45; xent: 0.37; lr: 0.00020; 16010/2976 tok/s;   1135 sec
[2019-04-01 15:21:50,710 INFO] Loading train dataset from data/demo.train.1.pt, number of examples: 5397
[2019-04-01 15:21:54,650 INFO] Step 204350/220000; acc:  91.69; ppl:  1.35; xent: 0.30; lr: 0.00020; 14752/4237 tok/s;   1148 sec
[2019-04-01 15:22:07,860 INFO] Step 204400/220000; acc:  93.04; ppl:  1.27; xent: 0.24; lr: 0.00020; 15827/2134 tok/s;   1161 sec
[2019-04-01 15:22:13,124 INFO] Loading train dataset from data/demo.train.1.pt, number of examples: 5397
[2019-04-01 15:22:21,346 INFO] Step 204450/220000; acc:  91.77; ppl:  1.30; xent: 0.26; lr: 0.00020; 16493/3698 tok/s;   1175 sec
[2019-04-01 15:22:34,152 INFO] Step 204500/220000; acc:  91.48; ppl:  1.35; xent: 0.30; lr: 0.00020; 16025/2231 tok/s;   1188 sec
[2019-04-01 15:22:35,552 INFO] Loading train dataset from data/demo.train.1.pt, number of examples: 5397
[2019-04-01 15:22:47,812 INFO] Step 204550/220000; acc:  89.53; ppl:  1.48; xent: 0.39; lr: 0.00020; 14387/3663 tok/s;   1201 sec
[2019-04-01 15:22:58,193 INFO] Loading train dataset from data/demo.train.1.pt, number of examples: 5397
[2019-04-01 15:23:00,792 INFO] Step 204600/220000; acc:  93.30; ppl:  1.26; xent: 0.23; lr: 0.00020; 14739/3661 tok/s;   1214 sec
[2019-04-01 15:23:14,087 INFO] Step 204650/220000; acc:  92.02; ppl:  1.31; xent: 0.27; lr: 0.00020; 13813/2367 tok/s;   1227 sec
[2019-04-01 15:23:20,564 INFO] Loading train dataset from data/demo.train.1.pt, number of examples: 5397
[2019-04-01 15:23:27,425 INFO] Step 204700/220000; acc:  91.73; ppl:  1.37; xent: 0.31; lr: 0.00020; 19955/2512 tok/s;   1241 sec
[2019-04-01 15:23:40,274 INFO] Step 204750/220000; acc:  92.26; ppl:  1.35; xent: 0.30; lr: 0.00020; 16595/3004 tok/s;   1254 sec
[2019-04-01 15:23:42,823 INFO] Loading train dataset from data/demo.train.1.pt, number of examples: 5397
[2019-04-01 15:23:53,533 INFO] Step 204800/220000; acc:  93.73; ppl:  1.25; xent: 0.22; lr: 0.00020; 19241/3279 tok/s;   1267 sec
[2019-04-01 15:24:05,107 INFO] Loading train dataset from data/demo.train.1.pt, number of examples: 5397
[2019-04-01 15:24:06,504 INFO] Step 204850/220000; acc:  91.39; ppl:  1.35; xent: 0.30; lr: 0.00020; 12386/3282 tok/s;   1280 sec
[2019-04-01 15:24:19,691 INFO] Step 204900/220000; acc:  93.54; ppl:  1.25; xent: 0.22; lr: 0.00020; 14570/3130 tok/s;   1293 sec
[2019-04-01 15:24:27,385 INFO] Loading train dataset from data/demo.train.1.pt, number of examples: 5397
[2019-04-01 15:24:32,649 INFO] Step 204950/220000; acc:  95.67; ppl:  1.20; xent: 0.18; lr: 0.00020; 19889/3176 tok/s;   1306 sec
[2019-04-01 15:24:45,734 INFO] Step 205000/220000; acc:  94.77; ppl:  1.19; xent: 0.17; lr: 0.00020; 18384/3716 tok/s;   1319 sec
[2019-04-01 15:24:45,737 INFO] Saving checkpoint originalval_fris_200000_s100_t50/demo-model_step_205000.pt
[2019-04-01 15:24:51,636 INFO] Loading train dataset from data/demo.train.1.pt, number of examples: 5397
[2019-04-01 15:25:01,012 INFO] Step 205050/220000; acc:  95.92; ppl:  1.16; xent: 0.15; lr: 0.00020; 18574/2375 tok/s;   1334 sec
[2019-04-01 15:25:13,603 INFO] Step 205100/220000; acc:  93.21; ppl:  1.23; xent: 0.21; lr: 0.00020; 14319/2669 tok/s;   1347 sec
[2019-04-01 15:25:13,726 INFO] Loading train dataset from data/demo.train.1.pt, number of examples: 5397
[2019-04-01 15:25:27,237 INFO] Step 205150/220000; acc:  94.35; ppl:  1.24; xent: 0.21; lr: 0.00020; 17834/3315 tok/s;   1361 sec
[2019-04-01 15:25:36,207 INFO] Loading train dataset from data/demo.train.1.pt, number of examples: 5397
[2019-04-01 15:25:40,091 INFO] Step 205200/220000; acc:  94.56; ppl:  1.20; xent: 0.18; lr: 0.00020; 14922/4286 tok/s;   1373 sec
[2019-04-01 15:25:53,172 INFO] Step 205250/220000; acc:  95.80; ppl:  1.17; xent: 0.16; lr: 0.00020; 17281/2330 tok/s;   1387 sec
[2019-04-01 15:25:58,293 INFO] Loading train dataset from data/demo.train.1.pt, number of examples: 5397
[2019-04-01 15:26:06,320 INFO] Step 205300/220000; acc:  94.78; ppl:  1.20; xent: 0.18; lr: 0.00020; 16858/3780 tok/s;   1400 sec
[2019-04-01 15:26:19,251 INFO] Step 205350/220000; acc:  94.21; ppl:  1.22; xent: 0.20; lr: 0.00020; 15936/2218 tok/s;   1413 sec
[2019-04-01 15:26:20,559 INFO] Loading train dataset from data/demo.train.1.pt, number of examples: 5397
[2019-04-01 15:26:32,621 INFO] Step 205400/220000; acc:  92.66; ppl:  1.29; xent: 0.25; lr: 0.00020; 13282/3382 tok/s;   1426 sec
[2019-04-01 15:26:42,748 INFO] Loading train dataset from data/demo.train.1.pt, number of examples: 5397
[2019-04-01 15:26:45,312 INFO] Step 205450/220000; acc:  94.73; ppl:  1.18; xent: 0.17; lr: 0.00020; 15089/3748 tok/s;   1439 sec
[2019-04-01 15:26:58,701 INFO] Step 205500/220000; acc:  94.05; ppl:  1.20; xent: 0.18; lr: 0.00019; 16388/2809 tok/s;   1452 sec
[2019-04-01 15:27:04,939 INFO] Loading train dataset from data/demo.train.1.pt, number of examples: 5397
[2019-04-01 15:27:11,766 INFO] Step 205550/220000; acc:  95.32; ppl:  1.18; xent: 0.17; lr: 0.00019; 20417/2571 tok/s;   1465 sec
[2019-04-01 15:27:24,618 INFO] Step 205600/220000; acc:  94.05; ppl:  1.20; xent: 0.18; lr: 0.00019; 16747/3032 tok/s;   1478 sec
[2019-04-01 15:27:27,139 INFO] Loading train dataset from data/demo.train.1.pt, number of examples: 5397
[2019-04-01 15:27:38,023 INFO] Step 205650/220000; acc:  95.78; ppl:  1.14; xent: 0.13; lr: 0.00019; 19309/3291 tok/s;   1491 sec
[2019-04-01 15:27:49,567 INFO] Loading train dataset from data/demo.train.1.pt, number of examples: 5397
[2019-04-01 15:27:50,922 INFO] Step 205700/220000; acc:  95.44; ppl:  1.17; xent: 0.16; lr: 0.00019; 12917/3423 tok/s;   1504 sec
[2019-04-01 15:28:04,195 INFO] Step 205750/220000; acc:  95.45; ppl:  1.17; xent: 0.16; lr: 0.00019; 14854/3191 tok/s;   1518 sec
[2019-04-01 15:28:11,701 INFO] Loading train dataset from data/demo.train.1.pt, number of examples: 5397
[2019-04-01 15:28:17,222 INFO] Step 205800/220000; acc:  97.01; ppl:  1.11; xent: 0.11; lr: 0.00019; 19725/3150 tok/s;   1531 sec
[2019-04-01 15:28:30,134 INFO] Step 205850/220000; acc:  96.96; ppl:  1.12; xent: 0.11; lr: 0.00019; 17259/3489 tok/s;   1544 sec
[2019-04-01 15:28:33,919 INFO] Loading train dataset from data/demo.train.1.pt, number of examples: 5397
[2019-04-01 15:28:43,428 INFO] Step 205900/220000; acc:  96.22; ppl:  1.14; xent: 0.13; lr: 0.00019; 16845/2154 tok/s;   1557 sec
[2019-04-01 15:28:56,142 INFO] Step 205950/220000; acc:  94.99; ppl:  1.16; xent: 0.15; lr: 0.00019; 14241/2654 tok/s;   1570 sec
[2019-04-01 15:28:56,288 INFO] Loading train dataset from data/demo.train.1.pt, number of examples: 5397
[2019-04-01 15:29:09,667 INFO] Step 206000/220000; acc:  95.73; ppl:  1.16; xent: 0.15; lr: 0.00019; 17794/3307 tok/s;   1583 sec
[2019-04-01 15:29:18,521 INFO] Loading train dataset from data/demo.train.1.pt, number of examples: 5397
[2019-04-01 15:29:22,701 INFO] Step 206050/220000; acc:  96.04; ppl:  1.14; xent: 0.13; lr: 0.00019; 14994/4307 tok/s;   1596 sec
[2019-04-01 15:29:35,729 INFO] Step 206100/220000; acc:  95.80; ppl:  1.12; xent: 0.11; lr: 0.00019; 17988/2425 tok/s;   1609 sec
[2019-04-01 15:29:40,675 INFO] Loading train dataset from data/demo.train.1.pt, number of examples: 5397
[2019-04-01 15:29:48,764 INFO] Step 206150/220000; acc:  96.69; ppl:  1.12; xent: 0.11; lr: 0.00019; 16599/3722 tok/s;   1622 sec
[2019-04-01 15:30:01,474 INFO] Step 206200/220000; acc:  96.08; ppl:  1.12; xent: 0.11; lr: 0.00019; 16180/2252 tok/s;   1635 sec
[2019-04-01 15:30:02,694 INFO] Loading train dataset from data/demo.train.1.pt, number of examples: 5397
[2019-04-01 15:30:14,826 INFO] Step 206250/220000; acc:  94.58; ppl:  1.20; xent: 0.18; lr: 0.00019; 14891/3791 tok/s;   1648 sec
[2019-04-01 15:30:24,956 INFO] Loading train dataset from data/demo.train.1.pt, number of examples: 5397
[2019-04-01 15:30:27,552 INFO] Step 206300/220000; acc:  96.37; ppl:  1.12; xent: 0.12; lr: 0.00019; 15290/3797 tok/s;   1661 sec
[2019-04-01 15:30:40,593 INFO] Step 206350/220000; acc:  96.23; ppl:  1.12; xent: 0.11; lr: 0.00019; 16248/2785 tok/s;   1674 sec
[2019-04-01 15:30:46,797 INFO] Loading train dataset from data/demo.train.1.pt, number of examples: 5397
[2019-04-01 15:30:53,490 INFO] Step 206400/220000; acc:  95.86; ppl:  1.14; xent: 0.13; lr: 0.00019; 19960/2513 tok/s;   1687 sec
[2019-04-01 15:31:06,578 INFO] Step 206450/220000; acc:  95.68; ppl:  1.15; xent: 0.14; lr: 0.00019; 17659/3197 tok/s;   1700 sec
[2019-04-01 15:31:09,115 INFO] Loading train dataset from data/demo.train.1.pt, number of examples: 5397
[2019-04-01 15:31:19,719 INFO] Step 206500/220000; acc:  97.23; ppl:  1.09; xent: 0.09; lr: 0.00019; 19547/3332 tok/s;   1713 sec
[2019-04-01 15:31:31,231 INFO] Loading train dataset from data/demo.train.1.pt, number of examples: 5397
[2019-04-01 15:31:32,563 INFO] Step 206550/220000; acc:  96.20; ppl:  1.13; xent: 0.13; lr: 0.00019; 13065/3462 tok/s;   1726 sec
[2019-04-01 15:31:45,678 INFO] Step 206600/220000; acc:  97.13; ppl:  1.10; xent: 0.10; lr: 0.00019; 15505/3331 tok/s;   1739 sec
[2019-04-01 15:31:53,296 INFO] Loading train dataset from data/demo.train.1.pt, number of examples: 5397
[2019-04-01 15:31:58,674 INFO] Step 206650/220000; acc:  98.35; ppl:  1.07; xent: 0.07; lr: 0.00019; 20031/3199 tok/s;   1752 sec
[2019-04-01 15:32:11,694 INFO] Step 206700/220000; acc:  97.72; ppl:  1.09; xent: 0.08; lr: 0.00019; 18159/3671 tok/s;   1765 sec
[2019-04-01 15:32:15,572 INFO] Loading train dataset from data/demo.train.1.pt, number of examples: 5397
[2019-04-01 15:32:25,066 INFO] Step 206750/220000; acc:  97.38; ppl:  1.10; xent: 0.10; lr: 0.00019; 18145/2320 tok/s;   1778 sec
[2019-04-01 15:32:37,640 INFO] Step 206800/220000; acc:  97.25; ppl:  1.09; xent: 0.08; lr: 0.00019; 14081/2625 tok/s;   1791 sec
[2019-04-01 15:32:37,726 INFO] Loading train dataset from data/demo.train.1.pt, number of examples: 5397
[2019-04-01 15:32:51,042 INFO] Step 206850/220000; acc:  97.11; ppl:  1.11; xent: 0.10; lr: 0.00019; 15757/2929 tok/s;   1804 sec
[2019-04-01 15:32:59,870 INFO] Loading train dataset from data/demo.train.1.pt, number of examples: 5397
[2019-04-01 15:33:03,836 INFO] Step 206900/220000; acc:  97.63; ppl:  1.10; xent: 0.09; lr: 0.00019; 14571/4185 tok/s;   1817 sec
[2019-04-01 15:33:16,914 INFO] Step 206950/220000; acc:  96.52; ppl:  1.10; xent: 0.10; lr: 0.00019; 18287/2465 tok/s;   1830 sec
[2019-04-01 15:33:21,860 INFO] Loading train dataset from data/demo.train.1.pt, number of examples: 5397
[2019-04-01 15:33:30,027 INFO] Step 207000/220000; acc:  97.49; ppl:  1.09; xent: 0.08; lr: 0.00019; 15711/3523 tok/s;   1843 sec
[2019-04-01 15:33:42,687 INFO] Step 207050/220000; acc:  96.76; ppl:  1.11; xent: 0.10; lr: 0.00019; 16426/2286 tok/s;   1856 sec
[2019-04-01 15:33:43,955 INFO] Loading train dataset from data/demo.train.1.pt, number of examples: 5397
[2019-04-01 15:33:56,020 INFO] Step 207100/220000; acc:  96.63; ppl:  1.10; xent: 0.10; lr: 0.00019; 13511/3440 tok/s;   1869 sec
[2019-04-01 15:34:06,218 INFO] Loading train dataset from data/demo.train.1.pt, number of examples: 5397
[2019-04-01 15:34:08,759 INFO] Step 207150/220000; acc:  97.69; ppl:  1.09; xent: 0.09; lr: 0.00019; 15157/3764 tok/s;   1882 sec
[2019-04-01 15:34:21,768 INFO] Step 207200/220000; acc:  96.23; ppl:  1.09; xent: 0.09; lr: 0.00019; 16176/2772 tok/s;   1895 sec
[2019-04-01 15:34:27,947 INFO] Loading train dataset from data/demo.train.1.pt, number of examples: 5397
[2019-04-01 15:34:34,767 INFO] Step 207250/220000; acc:  97.84; ppl:  1.08; xent: 0.07; lr: 0.00019; 20646/2599 tok/s;   1908 sec
[2019-04-01 15:34:47,278 INFO] Step 207300/220000; acc:  97.92; ppl:  1.08; xent: 0.08; lr: 0.00019; 17256/3124 tok/s;   1921 sec
[2019-04-01 15:34:49,660 INFO] Loading train dataset from data/demo.train.1.pt, number of examples: 5397
[2019-04-01 15:35:00,049 INFO] Step 207350/220000; acc:  98.07; ppl:  1.06; xent: 0.06; lr: 0.00019; 19980/3405 tok/s;   1933 sec
[2019-04-01 15:35:11,261 INFO] Loading train dataset from data/demo.train.1.pt, number of examples: 5397
[2019-04-01 15:35:12,562 INFO] Step 207400/220000; acc:  96.84; ppl:  1.09; xent: 0.09; lr: 0.00019; 13485/3574 tok/s;   1946 sec
[2019-04-01 15:35:25,426 INFO] Step 207450/220000; acc:  97.13; ppl:  1.08; xent: 0.08; lr: 0.00019; 16199/3481 tok/s;   1959 sec
[2019-04-01 15:35:32,883 INFO] Loading train dataset from data/demo.train.1.pt, number of examples: 5397
[2019-04-01 15:35:38,273 INFO] Step 207500/220000; acc:  98.56; ppl:  1.05; xent: 0.05; lr: 0.00019; 20303/3242 tok/s;   1972 sec
[2019-04-01 15:35:50,946 INFO] Step 207550/220000; acc:  98.29; ppl:  1.07; xent: 0.07; lr: 0.00019; 18328/3705 tok/s;   1984 sec
[2019-04-01 15:35:54,547 INFO] Loading train dataset from data/demo.train.1.pt, number of examples: 5397
[2019-04-01 15:36:03,669 INFO] Step 207600/220000; acc:  98.25; ppl:  1.05; xent: 0.05; lr: 0.00019; 18788/2403 tok/s;   1997 sec
[2019-04-01 15:36:15,958 INFO] Step 207650/220000; acc:  97.58; ppl:  1.07; xent: 0.07; lr: 0.00019; 14512/2705 tok/s;   2009 sec
[2019-04-01 15:36:16,027 INFO] Loading train dataset from data/demo.train.1.pt, number of examples: 5397
[2019-04-01 15:36:28,802 INFO] Step 207700/220000; acc:  97.99; ppl:  1.07; xent: 0.07; lr: 0.00019; 18454/3430 tok/s;   2022 sec
[2019-04-01 15:36:37,427 INFO] Loading train dataset from data/demo.train.1.pt, number of examples: 5397
[2019-04-01 15:36:41,307 INFO] Step 207750/220000; acc:  96.93; ppl:  1.08; xent: 0.07; lr: 0.00019; 15034/4318 tok/s;   2035 sec
[2019-04-01 15:36:54,190 INFO] Step 207800/220000; acc:  98.55; ppl:  1.04; xent: 0.04; lr: 0.00019; 18025/2430 tok/s;   2048 sec
[2019-04-01 15:36:59,030 INFO] Loading train dataset from data/demo.train.1.pt, number of examples: 5397
[2019-04-01 15:37:07,090 INFO] Step 207850/220000; acc:  98.39; ppl:  1.05; xent: 0.05; lr: 0.00019; 16983/3808 tok/s;   2060 sec
[2019-04-01 15:37:19,442 INFO] Step 207900/220000; acc:  97.10; ppl:  1.09; xent: 0.09; lr: 0.00019; 15762/2194 tok/s;   2073 sec
[2019-04-01 15:37:20,669 INFO] Loading train dataset from data/demo.train.1.pt, number of examples: 5397
[2019-04-01 15:37:32,407 INFO] Step 207950/220000; acc:  98.32; ppl:  1.07; xent: 0.07; lr: 0.00019; 14987/3816 tok/s;   2086 sec
[2019-04-01 15:37:42,302 INFO] Loading train dataset from data/demo.train.1.pt, number of examples: 5397
[2019-04-01 15:37:44,837 INFO] Step 208000/220000; acc:  97.69; ppl:  1.08; xent: 0.08; lr: 0.00019; 15556/3864 tok/s;   2098 sec
[2019-04-01 15:37:57,802 INFO] Step 208050/220000; acc:  96.81; ppl:  1.09; xent: 0.09; lr: 0.00019; 16343/2801 tok/s;   2111 sec
[2019-04-01 15:38:03,892 INFO] Loading train dataset from data/demo.train.1.pt, number of examples: 5397
[2019-04-01 15:38:10,529 INFO] Step 208100/220000; acc:  97.30; ppl:  1.07; xent: 0.06; lr: 0.00019; 20665/2602 tok/s;   2124 sec
[2019-04-01 15:38:23,171 INFO] Step 208150/220000; acc:  97.32; ppl:  1.08; xent: 0.07; lr: 0.00019; 17676/3200 tok/s;   2137 sec
[2019-04-01 15:38:25,605 INFO] Loading train dataset from data/demo.train.1.pt, number of examples: 5397
[2019-04-01 15:38:36,034 INFO] Step 208200/220000; acc:  98.79; ppl:  1.05; xent: 0.05; lr: 0.00019; 19068/3250 tok/s;   2149 sec
[2019-04-01 15:38:47,180 INFO] Loading train dataset from data/demo.train.1.pt, number of examples: 5397
[2019-04-01 15:38:48,546 INFO] Step 208250/220000; acc:  97.22; ppl:  1.09; xent: 0.09; lr: 0.00019; 13158/3487 tok/s;   2162 sec
[2019-04-01 15:39:01,619 INFO] Step 208300/220000; acc:  97.85; ppl:  1.05; xent: 0.05; lr: 0.00019; 15362/3301 tok/s;   2175 sec
[2019-04-01 15:39:09,075 INFO] Loading train dataset from data/demo.train.1.pt, number of examples: 5397
[2019-04-01 15:39:14,322 INFO] Step 208350/220000; acc:  98.87; ppl:  1.03; xent: 0.03; lr: 0.00019; 20161/3220 tok/s;   2188 sec
[2019-04-01 15:39:26,988 INFO] Step 208400/220000; acc:  98.19; ppl:  1.06; xent: 0.06; lr: 0.00019; 18686/3777 tok/s;   2200 sec
[2019-04-01 15:39:30,605 INFO] Loading train dataset from data/demo.train.1.pt, number of examples: 5397
[2019-04-01 15:39:40,011 INFO] Step 208450/220000; acc:  98.25; ppl:  1.06; xent: 0.06; lr: 0.00019; 18346/2346 tok/s;   2213 sec
[2019-04-01 15:39:52,221 INFO] Step 208500/220000; acc:  98.22; ppl:  1.05; xent: 0.05; lr: 0.00019; 14831/2764 tok/s;   2226 sec
[2019-04-01 15:39:52,307 INFO] Loading train dataset from data/demo.train.1.pt, number of examples: 5397
[2019-04-01 15:40:05,400 INFO] Step 208550/220000; acc:  98.12; ppl:  1.09; xent: 0.08; lr: 0.00019; 18666/3469 tok/s;   2239 sec
[2019-04-01 15:40:14,051 INFO] Loading train dataset from data/demo.train.1.pt, number of examples: 5397
[2019-04-01 15:40:17,899 INFO] Step 208600/220000; acc:  99.01; ppl:  1.04; xent: 0.04; lr: 0.00019; 14795/4249 tok/s;   2251 sec
[2019-04-01 15:40:30,770 INFO] Step 208650/220000; acc:  98.41; ppl:  1.05; xent: 0.05; lr: 0.00019; 17893/2412 tok/s;   2264 sec
[2019-04-01 15:40:35,682 INFO] Loading train dataset from data/demo.train.1.pt, number of examples: 5397
[2019-04-01 15:40:43,838 INFO] Step 208700/220000; acc:  98.49; ppl:  1.06; xent: 0.06; lr: 0.00019; 15613/3501 tok/s;   2277 sec
[2019-04-01 15:40:56,402 INFO] Step 208750/220000; acc:  97.61; ppl:  1.06; xent: 0.05; lr: 0.00019; 16201/2255 tok/s;   2290 sec
[2019-04-01 15:40:57,592 INFO] Loading train dataset from data/demo.train.1.pt, number of examples: 5397
[2019-04-01 15:41:09,332 INFO] Step 208800/220000; acc:  98.32; ppl:  1.05; xent: 0.05; lr: 0.00019; 14697/3742 tok/s;   2303 sec
[2019-04-01 15:41:19,137 INFO] Loading train dataset from data/demo.train.1.pt, number of examples: 5397
[2019-04-01 15:41:21,669 INFO] Step 208850/220000; acc:  98.79; ppl:  1.04; xent: 0.04; lr: 0.00019; 15715/3903 tok/s;   2315 sec
[2019-04-01 15:41:34,600 INFO] Step 208900/220000; acc:  98.55; ppl:  1.04; xent: 0.04; lr: 0.00019; 16352/2803 tok/s;   2328 sec
[2019-04-01 15:41:40,899 INFO] Loading train dataset from data/demo.train.1.pt, number of examples: 5397
[2019-04-01 15:41:47,478 INFO] Step 208950/220000; acc:  98.74; ppl:  1.04; xent: 0.04; lr: 0.00019; 20577/2591 tok/s;   2341 sec
[2019-04-01 15:42:00,108 INFO] Step 209000/220000; acc:  98.51; ppl:  1.05; xent: 0.05; lr: 0.00019; 17230/3119 tok/s;   2353 sec
[2019-04-01 15:42:02,569 INFO] Loading train dataset from data/demo.train.1.pt, number of examples: 5397
[2019-04-01 15:42:13,140 INFO] Step 209050/220000; acc:  99.40; ppl:  1.03; xent: 0.03; lr: 0.00019; 18889/3219 tok/s;   2367 sec
[2019-04-01 15:42:24,189 INFO] Loading train dataset from data/demo.train.1.pt, number of examples: 5397
[2019-04-01 15:42:25,468 INFO] Step 209100/220000; acc:  98.73; ppl:  1.06; xent: 0.06; lr: 0.00019; 13496/3577 tok/s;   2379 sec
[2019-04-01 15:42:38,423 INFO] Step 209150/220000; acc:  99.04; ppl:  1.04; xent: 0.04; lr: 0.00019; 15655/3363 tok/s;   2392 sec
[2019-04-01 15:42:45,825 INFO] Loading train dataset from data/demo.train.1.pt, number of examples: 5397
[2019-04-01 15:42:51,019 INFO] Step 209200/220000; acc:  99.07; ppl:  1.03; xent: 0.03; lr: 0.00019; 19663/3140 tok/s;   2404 sec
[2019-04-01 15:43:03,881 INFO] Step 209250/220000; acc:  98.86; ppl:  1.05; xent: 0.05; lr: 0.00019; 16880/3412 tok/s;   2417 sec
[2019-04-01 15:43:07,562 INFO] Loading train dataset from data/demo.train.1.pt, number of examples: 5397
[2019-04-01 15:43:16,829 INFO] Step 209300/220000; acc:  99.27; ppl:  1.04; xent: 0.04; lr: 0.00019; 19124/2446 tok/s;   2430 sec
[2019-04-01 15:43:29,206 INFO] Step 209350/220000; acc:  98.87; ppl:  1.04; xent: 0.04; lr: 0.00019; 14688/2738 tok/s;   2443 sec
[2019-04-01 15:43:29,274 INFO] Loading train dataset from data/demo.train.1.pt, number of examples: 5397
[2019-04-01 15:43:42,318 INFO] Step 209400/220000; acc:  99.12; ppl:  1.04; xent: 0.03; lr: 0.00019; 17671/3284 tok/s;   2456 sec
[2019-04-01 15:43:50,832 INFO] Loading train dataset from data/demo.train.1.pt, number of examples: 5397
[2019-04-01 15:43:54,671 INFO] Step 209450/220000; acc:  99.01; ppl:  1.03; xent: 0.03; lr: 0.00019; 15171/4357 tok/s;   2468 sec
[2019-04-01 15:44:07,540 INFO] Step 209500/220000; acc:  99.57; ppl:  1.02; xent: 0.02; lr: 0.00019; 18132/2444 tok/s;   2481 sec
[2019-04-01 15:44:12,542 INFO] Loading train dataset from data/demo.train.1.pt, number of examples: 5397
[2019-04-01 15:44:20,550 INFO] Step 209550/220000; acc:  98.49; ppl:  1.05; xent: 0.05; lr: 0.00019; 17205/3858 tok/s;   2494 sec
[2019-04-01 15:44:32,842 INFO] Step 209600/220000; acc:  98.47; ppl:  1.05; xent: 0.05; lr: 0.00019; 16749/2331 tok/s;   2506 sec
[2019-04-01 15:44:34,033 INFO] Loading train dataset from data/demo.train.1.pt, number of examples: 5397
[2019-04-01 15:44:45,936 INFO] Step 209650/220000; acc:  98.68; ppl:  1.05; xent: 0.05; lr: 0.00019; 15028/3826 tok/s;   2519 sec
[2019-04-01 15:44:55,747 INFO] Loading train dataset from data/demo.train.1.pt, number of examples: 5397
[2019-04-01 15:44:58,269 INFO] Step 209700/220000; acc:  99.12; ppl:  1.03; xent: 0.03; lr: 0.00019; 15282/3796 tok/s;   2532 sec
[2019-04-01 15:45:11,319 INFO] Step 209750/220000; acc:  98.55; ppl:  1.03; xent: 0.03; lr: 0.00019; 16119/2763 tok/s;   2545 sec
[2019-04-01 15:45:17,541 INFO] Loading train dataset from data/demo.train.1.pt, number of examples: 5397
[2019-04-01 15:45:24,282 INFO] Step 209800/220000; acc:  98.74; ppl:  1.03; xent: 0.03; lr: 0.00019; 19747/2486 tok/s;   2558 sec
[2019-04-01 15:45:36,754 INFO] Step 209850/220000; acc:  98.81; ppl:  1.04; xent: 0.04; lr: 0.00019; 17549/3177 tok/s;   2570 sec
[2019-04-01 15:45:39,204 INFO] Loading train dataset from data/demo.train.1.pt, number of examples: 5397
[2019-04-01 15:45:49,721 INFO] Step 209900/220000; acc:  98.67; ppl:  1.04; xent: 0.04; lr: 0.00019; 19935/3398 tok/s;   2583 sec
[2019-04-01 15:46:00,898 INFO] Loading train dataset from data/demo.train.1.pt, number of examples: 5397
[2019-04-01 15:46:02,167 INFO] Step 209950/220000; acc:  98.10; ppl:  1.05; xent: 0.05; lr: 0.00019; 13412/3554 tok/s;   2596 sec
[2019-04-01 15:46:14,955 INFO] Step 210000/220000; acc:  98.56; ppl:  1.04; xent: 0.04; lr: 0.00019; 15130/3251 tok/s;   2608 sec
[2019-04-01 15:46:15,111 INFO] Loading valid dataset from data/demo.valid.1.pt, number of examples: 10013
[2019-04-01 15:46:30,846 INFO] Validation perplexity: 1.28102e+06
[2019-04-01 15:46:30,846 INFO] Validation accuracy: 12.9995
[2019-04-01 15:46:30,848 INFO] Saving checkpoint originalval_fris_200000_s100_t50/demo-model_step_210000.pt
[2019-04-01 15:46:39,853 INFO] Loading train dataset from data/demo.train.1.pt, number of examples: 5397
[2019-04-01 15:46:45,068 INFO] Step 210050/220000; acc:  98.87; ppl:  1.04; xent: 0.04; lr: 0.00019; 19916/3181 tok/s;   2638 sec
[2019-04-01 15:46:57,711 INFO] Step 210100/220000; acc:  99.24; ppl:  1.02; xent: 0.02; lr: 0.00019; 18604/3761 tok/s;   2651 sec
[2019-04-01 15:47:01,424 INFO] Loading train dataset from data/demo.train.1.pt, number of examples: 5397
[2019-04-01 15:47:10,782 INFO] Step 210150/220000; acc:  98.84; ppl:  1.04; xent: 0.04; lr: 0.00019; 18632/2383 tok/s;   2664 sec
[2019-04-01 15:47:23,068 INFO] Step 210200/220000; acc:  99.35; ppl:  1.03; xent: 0.03; lr: 0.00019; 14574/2717 tok/s;   2676 sec
[2019-04-01 15:47:23,132 INFO] Loading train dataset from data/demo.train.1.pt, number of examples: 5397
[2019-04-01 15:47:36,220 INFO] Step 210250/220000; acc:  99.62; ppl:  1.02; xent: 0.02; lr: 0.00019; 18241/3390 tok/s;   2690 sec
[2019-04-01 15:47:44,909 INFO] Loading train dataset from data/demo.train.1.pt, number of examples: 5397
[2019-04-01 15:47:48,868 INFO] Step 210300/220000; acc:  99.51; ppl:  1.02; xent: 0.02; lr: 0.00019; 15022/4314 tok/s;   2702 sec
[2019-04-01 15:48:01,715 INFO] Step 210350/220000; acc:  99.28; ppl:  1.03; xent: 0.03; lr: 0.00019; 18373/2477 tok/s;   2715 sec
[2019-04-01 15:48:06,747 INFO] Loading train dataset from data/demo.train.1.pt, number of examples: 5397
[2019-04-01 15:48:14,709 INFO] Step 210400/220000; acc:  99.40; ppl:  1.03; xent: 0.02; lr: 0.00019; 17238/3865 tok/s;   2728 sec
[2019-04-01 15:48:27,045 INFO] Step 210450/220000; acc:  98.13; ppl:  1.07; xent: 0.06; lr: 0.00019; 16276/2266 tok/s;   2740 sec
[2019-04-01 15:48:28,241 INFO] Loading train dataset from data/demo.train.1.pt, number of examples: 5397
[2019-04-01 15:48:40,323 INFO] Step 210500/220000; acc:  98.92; ppl:  1.03; xent: 0.03; lr: 0.00019; 14872/3786 tok/s;   2754 sec
[2019-04-01 15:48:50,348 INFO] Loading train dataset from data/demo.train.1.pt, number of examples: 5397
[2019-04-01 15:48:52,853 INFO] Step 210550/220000; acc:  99.12; ppl:  1.03; xent: 0.03; lr: 0.00019; 15375/3819 tok/s;   2766 sec
[2019-04-01 15:49:05,769 INFO] Step 210600/220000; acc:  99.71; ppl:  1.02; xent: 0.02; lr: 0.00019; 14908/2555 tok/s;   2779 sec
[2019-04-01 15:49:11,953 INFO] Loading train dataset from data/demo.train.1.pt, number of examples: 5397
[2019-04-01 15:49:18,627 INFO] Step 210650/220000; acc:  98.74; ppl:  1.04; xent: 0.04; lr: 0.00019; 19386/2441 tok/s;   2792 sec
[2019-04-01 15:49:31,211 INFO] Step 210700/220000; acc:  99.40; ppl:  1.03; xent: 0.03; lr: 0.00019; 17735/3211 tok/s;   2805 sec
[2019-04-01 15:49:33,605 INFO] Loading train dataset from data/demo.train.1.pt, number of examples: 5397
[2019-04-01 15:49:44,207 INFO] Step 210750/220000; acc:  99.64; ppl:  1.01; xent: 0.01; lr: 0.00019; 19717/3360 tok/s;   2818 sec
[2019-04-01 15:49:55,303 INFO] Loading train dataset from data/demo.train.1.pt, number of examples: 5397
[2019-04-01 15:49:56,750 INFO] Step 210800/220000; acc:  98.48; ppl:  1.06; xent: 0.05; lr: 0.00019; 11813/3131 tok/s;   2830 sec
[2019-04-01 15:50:09,879 INFO] Step 210850/220000; acc:  99.76; ppl:  1.02; xent: 0.02; lr: 0.00019; 15030/3229 tok/s;   2843 sec
[2019-04-01 15:50:17,251 INFO] Loading train dataset from data/demo.train.1.pt, number of examples: 5397
[2019-04-01 15:50:22,521 INFO] Step 210900/220000; acc:  99.48; ppl:  1.02; xent: 0.02; lr: 0.00019; 18070/2886 tok/s;   2856 sec
[2019-04-01 15:50:35,326 INFO] Step 210950/220000; acc:  99.33; ppl:  1.03; xent: 0.03; lr: 0.00019; 18616/3763 tok/s;   2869 sec
[2019-04-01 15:50:38,957 INFO] Loading train dataset from data/demo.train.1.pt, number of examples: 5397
[2019-04-01 15:50:48,365 INFO] Step 211000/220000; acc:  98.84; ppl:  1.04; xent: 0.04; lr: 0.00019; 18966/2425 tok/s;   2882 sec
[2019-04-01 15:51:00,644 INFO] Step 211050/220000; acc:  99.03; ppl:  1.03; xent: 0.03; lr: 0.00019; 14506/2704 tok/s;   2894 sec
[2019-04-01 15:51:00,701 INFO] Loading train dataset from data/demo.train.1.pt, number of examples: 5397
[2019-04-01 15:51:13,692 INFO] Step 211100/220000; acc:  99.25; ppl:  1.03; xent: 0.03; lr: 0.00019; 17138/3185 tok/s;   2907 sec
[2019-04-01 15:51:22,443 INFO] Loading train dataset from data/demo.train.1.pt, number of examples: 5397
[2019-04-01 15:51:26,245 INFO] Step 211150/220000; acc:  99.31; ppl:  1.03; xent: 0.03; lr: 0.00019; 15144/4349 tok/s;   2920 sec
[2019-04-01 15:51:39,118 INFO] Step 211200/220000; acc:  99.13; ppl:  1.03; xent: 0.03; lr: 0.00019; 18516/2496 tok/s;   2932 sec
[2019-04-01 15:51:43,950 INFO] Loading train dataset from data/demo.train.1.pt, number of examples: 5397
[2019-04-01 15:51:51,807 INFO] Step 211250/220000; acc:  99.40; ppl:  1.02; xent: 0.02; lr: 0.00019; 16958/3802 tok/s;   2945 sec
[2019-04-01 15:52:04,526 INFO] Step 211300/220000; acc:  98.64; ppl:  1.05; xent: 0.05; lr: 0.00019; 16528/2301 tok/s;   2958 sec
[2019-04-01 15:52:05,728 INFO] Loading train dataset from data/demo.train.1.pt, number of examples: 5397
[2019-04-01 15:52:17,708 INFO] Step 211350/220000; acc:  99.28; ppl:  1.03; xent: 0.03; lr: 0.00019; 14753/3756 tok/s;   2971 sec
[2019-04-01 15:52:27,702 INFO] Loading train dataset from data/demo.train.1.pt, number of examples: 5397
[2019-04-01 15:52:30,212 INFO] Step 211400/220000; acc:  99.01; ppl:  1.03; xent: 0.03; lr: 0.00019; 14963/3716 tok/s;   2984 sec
[2019-04-01 15:52:43,379 INFO] Step 211450/220000; acc:  99.56; ppl:  1.02; xent: 0.02; lr: 0.00019; 15978/2739 tok/s;   2997 sec
[2019-04-01 15:52:49,473 INFO] Loading train dataset from data/demo.train.1.pt, number of examples: 5397
[2019-04-01 15:52:56,285 INFO] Step 211500/220000; acc:  99.46; ppl:  1.02; xent: 0.02; lr: 0.00019; 19535/2460 tok/s;   3010 sec
[2019-04-01 15:53:08,912 INFO] Step 211550/220000; acc:  98.51; ppl:  1.04; xent: 0.04; lr: 0.00019; 17947/3249 tok/s;   3022 sec
[2019-04-01 15:53:11,319 INFO] Loading train dataset from data/demo.train.1.pt, number of examples: 5397
[2019-04-01 15:53:21,732 INFO] Step 211600/220000; acc:  99.28; ppl:  1.03; xent: 0.03; lr: 0.00019; 19511/3325 tok/s;   3035 sec
[2019-04-01 15:53:32,981 INFO] Loading train dataset from data/demo.train.1.pt, number of examples: 5397
[2019-04-01 15:53:34,259 INFO] Step 211650/220000; acc:  98.99; ppl:  1.03; xent: 0.03; lr: 0.00019; 13324/3531 tok/s;   3048 sec
[2019-04-01 15:53:47,333 INFO] Step 211700/220000; acc:  99.16; ppl:  1.03; xent: 0.03; lr: 0.00019; 14521/3120 tok/s;   3061 sec
[2019-04-01 15:53:54,803 INFO] Loading train dataset from data/demo.train.1.pt, number of examples: 5397
[2019-04-01 15:54:00,042 INFO] Step 211750/220000; acc:  99.18; ppl:  1.03; xent: 0.03; lr: 0.00019; 17822/2846 tok/s;   3073 sec
[2019-04-01 15:54:12,723 INFO] Step 211800/220000; acc:  99.81; ppl:  1.01; xent: 0.01; lr: 0.00019; 18277/3695 tok/s;   3086 sec
[2019-04-01 15:54:16,329 INFO] Loading train dataset from data/demo.train.1.pt, number of examples: 5397
[2019-04-01 15:54:25,459 INFO] Step 211850/220000; acc:  99.42; ppl:  1.02; xent: 0.02; lr: 0.00019; 18957/2424 tok/s;   3099 sec
[2019-04-01 15:54:37,843 INFO] Step 211900/220000; acc:  99.84; ppl:  1.01; xent: 0.01; lr: 0.00019; 14955/2787 tok/s;   3111 sec
[2019-04-01 15:54:37,895 INFO] Loading train dataset from data/demo.train.1.pt, number of examples: 5397
[2019-04-01 15:54:50,843 INFO] Step 211950/220000; acc:  99.25; ppl:  1.02; xent: 0.02; lr: 0.00019; 18426/3425 tok/s;   3124 sec
[2019-04-01 15:54:59,464 INFO] Loading train dataset from data/demo.train.1.pt, number of examples: 5397
[2019-04-01 15:55:03,288 INFO] Step 212000/220000; acc:  99.21; ppl:  1.03; xent: 0.03; lr: 0.00019; 15385/4419 tok/s;   3137 sec
[2019-04-01 15:55:16,149 INFO] Step 212050/220000; acc:  98.55; ppl:  1.03; xent: 0.03; lr: 0.00019; 18459/2489 tok/s;   3150 sec
[2019-04-01 15:55:21,007 INFO] Loading train dataset from data/demo.train.1.pt, number of examples: 5397
[2019-04-01 15:55:28,897 INFO] Step 212100/220000; acc:  99.40; ppl:  1.02; xent: 0.02; lr: 0.00019; 17278/3874 tok/s;   3162 sec
[2019-04-01 15:55:41,299 INFO] Step 212150/220000; acc:  99.32; ppl:  1.02; xent: 0.02; lr: 0.00019; 15653/2179 tok/s;   3175 sec
[2019-04-01 15:55:42,521 INFO] Loading train dataset from data/demo.train.1.pt, number of examples: 5397
[2019-04-01 15:55:54,092 INFO] Step 212200/220000; acc:  99.52; ppl:  1.02; xent: 0.02; lr: 0.00019; 15137/3854 tok/s;   3187 sec
[2019-04-01 15:56:04,025 INFO] Loading train dataset from data/demo.train.1.pt, number of examples: 5397
[2019-04-01 15:56:06,553 INFO] Step 212250/220000; acc:  99.67; ppl:  1.02; xent: 0.02; lr: 0.00019; 15035/3734 tok/s;   3200 sec
[2019-04-01 15:56:19,574 INFO] Step 212300/220000; acc:  98.69; ppl:  1.04; xent: 0.04; lr: 0.00019; 15431/2645 tok/s;   3213 sec
[2019-04-01 15:56:25,702 INFO] Loading train dataset from data/demo.train.1.pt, number of examples: 5397
[2019-04-01 15:56:32,342 INFO] Step 212350/220000; acc:  99.28; ppl:  1.02; xent: 0.02; lr: 0.00019; 20511/2582 tok/s;   3226 sec
[2019-04-01 15:56:44,706 INFO] Step 212400/220000; acc:  99.40; ppl:  1.02; xent: 0.02; lr: 0.00019; 16898/3059 tok/s;   3238 sec
[2019-04-01 15:56:47,135 INFO] Loading train dataset from data/demo.train.1.pt, number of examples: 5397
[2019-04-01 15:56:57,593 INFO] Step 212450/220000; acc:  99.28; ppl:  1.02; xent: 0.02; lr: 0.00019; 18962/3232 tok/s;   3251 sec
[2019-04-01 15:57:09,015 INFO] Loading train dataset from data/demo.train.1.pt, number of examples: 5397
[2019-04-01 15:57:10,290 INFO] Step 212500/220000; acc:  98.99; ppl:  1.03; xent: 0.03; lr: 0.00019; 13358/3540 tok/s;   3264 sec
[2019-04-01 15:57:23,106 INFO] Step 212550/220000; acc:  99.76; ppl:  1.01; xent: 0.01; lr: 0.00019; 15810/3397 tok/s;   3276 sec
[2019-04-01 15:57:30,539 INFO] Loading train dataset from data/demo.train.1.pt, number of examples: 5397
[2019-04-01 15:57:35,863 INFO] Step 212600/220000; acc:  99.18; ppl:  1.04; xent: 0.04; lr: 0.00019; 19638/3136 tok/s;   3289 sec
[2019-04-01 15:57:48,419 INFO] Step 212650/220000; acc:  99.52; ppl:  1.02; xent: 0.02; lr: 0.00019; 18700/3780 tok/s;   3302 sec
[2019-04-01 15:57:52,119 INFO] Loading train dataset from data/demo.train.1.pt, number of examples: 5397
[2019-04-01 15:58:01,521 INFO] Step 212700/220000; acc:  99.27; ppl:  1.02; xent: 0.02; lr: 0.00019; 18346/2346 tok/s;   3315 sec
[2019-04-01 15:58:13,719 INFO] Step 212750/220000; acc:  99.84; ppl:  1.01; xent: 0.01; lr: 0.00019; 14495/2702 tok/s;   3327 sec
[2019-04-01 15:58:13,778 INFO] Loading train dataset from data/demo.train.1.pt, number of examples: 5397
[2019-04-01 15:58:26,866 INFO] Step 212800/220000; acc:  99.12; ppl:  1.02; xent: 0.02; lr: 0.00019; 17943/3335 tok/s;   3340 sec
[2019-04-01 15:58:35,368 INFO] Loading train dataset from data/demo.train.1.pt, number of examples: 5397
[2019-04-01 15:58:39,299 INFO] Step 212850/220000; acc:  99.11; ppl:  1.02; xent: 0.02; lr: 0.00019; 14732/4231 tok/s;   3353 sec
[2019-04-01 15:58:52,044 INFO] Step 212900/220000; acc:  99.13; ppl:  1.02; xent: 0.02; lr: 0.00019; 18707/2522 tok/s;   3365 sec
[2019-04-01 15:58:57,155 INFO] Loading train dataset from data/demo.train.1.pt, number of examples: 5397
[2019-04-01 15:59:05,099 INFO] Step 212950/220000; acc:  99.20; ppl:  1.03; xent: 0.03; lr: 0.00019; 16840/3776 tok/s;   3378 sec
[2019-04-01 15:59:17,602 INFO] Step 213000/220000; acc:  99.32; ppl:  1.03; xent: 0.03; lr: 0.00019; 15171/2112 tok/s;   3391 sec
[2019-04-01 15:59:18,838 INFO] Loading train dataset from data/demo.train.1.pt, number of examples: 5397
[2019-04-01 15:59:30,501 INFO] Step 213050/220000; acc:  99.04; ppl:  1.03; xent: 0.03; lr: 0.00019; 14623/3723 tok/s;   3404 sec
[2019-04-01 15:59:40,324 INFO] Loading train dataset from data/demo.train.1.pt, number of examples: 5397
[2019-04-01 15:59:42,887 INFO] Step 213100/220000; acc:  99.01; ppl:  1.03; xent: 0.03; lr: 0.00019; 15358/3814 tok/s;   3416 sec
[2019-04-01 15:59:55,778 INFO] Step 213150/220000; acc:  99.27; ppl:  1.03; xent: 0.03; lr: 0.00019; 15602/2674 tok/s;   3429 sec
[2019-04-01 16:00:01,984 INFO] Loading train dataset from data/demo.train.1.pt, number of examples: 5397
[2019-04-01 16:00:08,713 INFO] Step 213200/220000; acc:  99.28; ppl:  1.02; xent: 0.02; lr: 0.00019; 18122/2282 tok/s;   3442 sec
[2019-04-01 16:00:21,320 INFO] Step 213250/220000; acc:  99.55; ppl:  1.01; xent: 0.01; lr: 0.00019; 17864/3234 tok/s;   3455 sec
[2019-04-01 16:00:23,727 INFO] Loading train dataset from data/demo.train.1.pt, number of examples: 5397
[2019-04-01 16:00:34,354 INFO] Step 213300/220000; acc:  99.28; ppl:  1.03; xent: 0.03; lr: 0.00019; 17731/3022 tok/s;   3468 sec
[2019-04-01 16:00:45,469 INFO] Loading train dataset from data/demo.train.1.pt, number of examples: 5397
[2019-04-01 16:00:46,764 INFO] Step 213350/220000; acc:  99.49; ppl:  1.02; xent: 0.02; lr: 0.00019; 12847/3405 tok/s;   3480 sec
[2019-04-01 16:00:59,813 INFO] Step 213400/220000; acc:  99.16; ppl:  1.02; xent: 0.02; lr: 0.00019; 15859/3407 tok/s;   3493 sec
[2019-04-01 16:01:07,123 INFO] Loading train dataset from data/demo.train.1.pt, number of examples: 5397
[2019-04-01 16:01:12,495 INFO] Step 213450/220000; acc:  99.48; ppl:  1.01; xent: 0.01; lr: 0.00019; 19925/3182 tok/s;   3506 sec
[2019-04-01 16:01:25,251 INFO] Step 213500/220000; acc:  99.24; ppl:  1.03; xent: 0.03; lr: 0.00019; 18541/3748 tok/s;   3519 sec
[2019-04-01 16:01:28,915 INFO] Loading train dataset from data/demo.train.1.pt, number of examples: 5397
[2019-04-01 16:01:38,240 INFO] Step 213550/220000; acc:  98.98; ppl:  1.03; xent: 0.03; lr: 0.00019; 18713/2393 tok/s;   3532 sec
[2019-04-01 16:01:50,384 INFO] Step 213600/220000; acc:  99.35; ppl:  1.02; xent: 0.02; lr: 0.00019; 14693/2739 tok/s;   3544 sec
[2019-04-01 16:01:50,446 INFO] Loading train dataset from data/demo.train.1.pt, number of examples: 5397
[2019-04-01 16:02:03,735 INFO] Step 213650/220000; acc:  99.87; ppl:  1.01; xent: 0.01; lr: 0.00019; 16450/3058 tok/s;   3557 sec
[2019-04-01 16:02:12,355 INFO] Loading train dataset from data/demo.train.1.pt, number of examples: 5397
[2019-04-01 16:02:16,217 INFO] Step 213700/220000; acc:  99.21; ppl:  1.03; xent: 0.03; lr: 0.00019; 15298/4394 tok/s;   3570 sec
[2019-04-01 16:02:29,077 INFO] Step 213750/220000; acc:  99.71; ppl:  1.01; xent: 0.01; lr: 0.00019; 18406/2481 tok/s;   3582 sec
[2019-04-01 16:02:34,191 INFO] Loading train dataset from data/demo.train.1.pt, number of examples: 5397
[2019-04-01 16:02:42,182 INFO] Step 213800/220000; acc:  99.40; ppl:  1.03; xent: 0.03; lr: 0.00019; 17252/3868 tok/s;   3596 sec
[2019-04-01 16:02:54,598 INFO] Step 213850/220000; acc:  99.15; ppl:  1.02; xent: 0.02; lr: 0.00019; 16861/2347 tok/s;   3608 sec
[2019-04-01 16:02:55,811 INFO] Loading train dataset from data/demo.train.1.pt, number of examples: 5397
[2019-04-01 16:03:07,627 INFO] Step 213900/220000; acc:  99.52; ppl:  1.02; xent: 0.02; lr: 0.00019; 14734/3751 tok/s;   3621 sec
[2019-04-01 16:03:17,689 INFO] Loading train dataset from data/demo.train.1.pt, number of examples: 5397
[2019-04-01 16:03:20,294 INFO] Step 213950/220000; acc:  99.56; ppl:  1.03; xent: 0.02; lr: 0.00019; 15165/3766 tok/s;   3634 sec
[2019-04-01 16:03:33,191 INFO] Step 214000/220000; acc:  99.27; ppl:  1.02; xent: 0.02; lr: 0.00019; 16424/2815 tok/s;   3647 sec
[2019-04-01 16:03:39,389 INFO] Loading train dataset from data/demo.train.1.pt, number of examples: 5397
[2019-04-01 16:03:45,952 INFO] Step 214050/220000; acc:  99.28; ppl:  1.03; xent: 0.03; lr: 0.00019; 20191/2542 tok/s;   3659 sec
[2019-04-01 16:03:58,632 INFO] Step 214100/220000; acc:  99.55; ppl:  1.02; xent: 0.02; lr: 0.00019; 17068/3090 tok/s;   3672 sec
[2019-04-01 16:04:01,114 INFO] Loading train dataset from data/demo.train.1.pt, number of examples: 5397
[2019-04-01 16:04:11,550 INFO] Step 214150/220000; acc:  99.64; ppl:  1.02; xent: 0.02; lr: 0.00019; 19642/3348 tok/s;   3685 sec
[2019-04-01 16:04:22,619 INFO] Loading train dataset from data/demo.train.1.pt, number of examples: 5397
[2019-04-01 16:04:23,891 INFO] Step 214200/220000; acc:  98.61; ppl:  1.03; xent: 0.03; lr: 0.00019; 12951/3432 tok/s;   3697 sec
[2019-04-01 16:04:36,665 INFO] Step 214250/220000; acc:  99.28; ppl:  1.03; xent: 0.03; lr: 0.00019; 16062/3451 tok/s;   3710 sec
[2019-04-01 16:04:44,233 INFO] Loading train dataset from data/demo.train.1.pt, number of examples: 5397
[2019-04-01 16:04:49,511 INFO] Step 214300/220000; acc:  99.69; ppl:  1.01; xent: 0.01; lr: 0.00019; 19549/3122 tok/s;   3723 sec
[2019-04-01 16:05:02,154 INFO] Step 214350/220000; acc:  99.71; ppl:  1.01; xent: 0.01; lr: 0.00019; 18623/3765 tok/s;   3736 sec
[2019-04-01 16:05:05,972 INFO] Loading train dataset from data/demo.train.1.pt, number of examples: 5397
[2019-04-01 16:05:15,110 INFO] Step 214400/220000; acc:  99.71; ppl:  1.01; xent: 0.01; lr: 0.00019; 19411/2482 tok/s;   3748 sec
[2019-04-01 16:05:27,395 INFO] Step 214450/220000; acc:  99.03; ppl:  1.03; xent: 0.03; lr: 0.00019; 14778/2754 tok/s;   3761 sec
[2019-04-01 16:05:27,475 INFO] Loading train dataset from data/demo.train.1.pt, number of examples: 5397
[2019-04-01 16:05:40,522 INFO] Step 214500/220000; acc:  99.75; ppl:  1.01; xent: 0.01; lr: 0.00019; 18370/3414 tok/s;   3774 sec
[2019-04-01 16:05:49,187 INFO] Loading train dataset from data/demo.train.1.pt, number of examples: 5397
[2019-04-01 16:05:53,015 INFO] Step 214550/220000; acc:  99.51; ppl:  1.02; xent: 0.02; lr: 0.00019; 15021/4314 tok/s;   3786 sec
[2019-04-01 16:06:05,679 INFO] Step 214600/220000; acc:  98.99; ppl:  1.03; xent: 0.03; lr: 0.00019; 18694/2520 tok/s;   3799 sec
[2019-04-01 16:06:10,702 INFO] Loading train dataset from data/demo.train.1.pt, number of examples: 5397
[2019-04-01 16:06:18,631 INFO] Step 214650/220000; acc:  99.10; ppl:  1.02; xent: 0.02; lr: 0.00019; 15290/3428 tok/s;   3812 sec
[2019-04-01 16:06:31,108 INFO] Step 214700/220000; acc:  99.49; ppl:  1.02; xent: 0.02; lr: 0.00019; 16083/2239 tok/s;   3824 sec
[2019-04-01 16:06:32,360 INFO] Loading train dataset from data/demo.train.1.pt, number of examples: 5397
[2019-04-01 16:06:44,191 INFO] Step 214750/220000; acc:  99.16; ppl:  1.02; xent: 0.02; lr: 0.00019; 15112/3848 tok/s;   3838 sec
[2019-04-01 16:06:53,973 INFO] Loading train dataset from data/demo.train.1.pt, number of examples: 5397
[2019-04-01 16:06:56,556 INFO] Step 214800/220000; acc:  99.56; ppl:  1.02; xent: 0.02; lr: 0.00019; 14851/3688 tok/s;   3850 sec
[2019-04-01 16:07:09,605 INFO] Step 214850/220000; acc:  99.42; ppl:  1.01; xent: 0.01; lr: 0.00019; 15718/2694 tok/s;   3863 sec
[2019-04-01 16:07:15,722 INFO] Loading train dataset from data/demo.train.1.pt, number of examples: 5397
[2019-04-01 16:07:22,324 INFO] Step 214900/220000; acc:  99.64; ppl:  1.02; xent: 0.02; lr: 0.00019; 20464/2577 tok/s;   3876 sec
[2019-04-01 16:07:34,908 INFO] Step 214950/220000; acc:  99.55; ppl:  1.02; xent: 0.02; lr: 0.00019; 17953/3250 tok/s;   3888 sec
[2019-04-01 16:07:37,329 INFO] Loading train dataset from data/demo.train.1.pt, number of examples: 5397
[2019-04-01 16:07:47,879 INFO] Step 215000/220000; acc:  99.40; ppl:  1.02; xent: 0.02; lr: 0.00019; 19766/3369 tok/s;   3901 sec
[2019-04-01 16:07:47,881 INFO] Saving checkpoint originalval_fris_200000_s100_t50/demo-model_step_215000.pt
[2019-04-01 16:08:00,526 INFO] Loading train dataset from data/demo.train.1.pt, number of examples: 5397
[2019-04-01 16:08:01,800 INFO] Step 215050/220000; acc:  99.49; ppl:  1.02; xent: 0.02; lr: 0.00019; 13511/3580 tok/s;   3915 sec
[2019-04-01 16:08:14,709 INFO] Step 215100/220000; acc:  99.52; ppl:  1.01; xent: 0.01; lr: 0.00019; 16070/3453 tok/s;   3928 sec
[2019-04-01 16:08:22,042 INFO] Loading train dataset from data/demo.train.1.pt, number of examples: 5397
[2019-04-01 16:08:27,248 INFO] Step 215150/220000; acc:  99.79; ppl:  1.01; xent: 0.01; lr: 0.00019; 20258/3235 tok/s;   3941 sec
[2019-04-01 16:08:39,889 INFO] Step 215200/220000; acc:  99.43; ppl:  1.02; xent: 0.02; lr: 0.00019; 18423/3724 tok/s;   3953 sec
[2019-04-01 16:08:43,730 INFO] Loading train dataset from data/demo.train.1.pt, number of examples: 5397
[2019-04-01 16:08:52,862 INFO] Step 215250/220000; acc:  99.42; ppl:  1.02; xent: 0.02; lr: 0.00019; 19117/2445 tok/s;   3966 sec
[2019-04-01 16:09:05,173 INFO] Step 215300/220000; acc:  99.84; ppl:  1.01; xent: 0.01; lr: 0.00019; 13215/2463 tok/s;   3979 sec
[2019-04-01 16:09:05,267 INFO] Loading train dataset from data/demo.train.1.pt, number of examples: 5397
[2019-04-01 16:09:18,226 INFO] Step 215350/220000; acc:  99.50; ppl:  1.01; xent: 0.01; lr: 0.00019; 18473/3433 tok/s;   3992 sec
[2019-04-01 16:09:26,951 INFO] Loading train dataset from data/demo.train.1.pt, number of examples: 5397
[2019-04-01 16:09:30,782 INFO] Step 215400/220000; acc:  99.60; ppl:  1.02; xent: 0.02; lr: 0.00019; 14923/4286 tok/s;   4004 sec
[2019-04-01 16:09:43,669 INFO] Step 215450/220000; acc:  99.71; ppl:  1.01; xent: 0.01; lr: 0.00019; 18254/2461 tok/s;   4017 sec
[2019-04-01 16:09:48,521 INFO] Loading train dataset from data/demo.train.1.pt, number of examples: 5397
[2019-04-01 16:09:56,678 INFO] Step 215500/220000; acc:  99.30; ppl:  1.02; xent: 0.02; lr: 0.00019; 16234/3640 tok/s;   4030 sec
[2019-04-01 16:10:09,155 INFO] Step 215550/220000; acc:  99.83; ppl:  1.01; xent: 0.01; lr: 0.00019; 14679/2043 tok/s;   4043 sec
[2019-04-01 16:10:10,520 INFO] Loading train dataset from data/demo.train.1.pt, number of examples: 5397
[2019-04-01 16:10:22,269 INFO] Step 215600/220000; acc:  99.64; ppl:  1.01; xent: 0.01; lr: 0.00019; 14611/3720 tok/s;   4056 sec
[2019-04-01 16:10:32,113 INFO] Loading train dataset from data/demo.train.1.pt, number of examples: 5397
[2019-04-01 16:10:34,720 INFO] Step 215650/220000; acc:  99.89; ppl:  1.01; xent: 0.01; lr: 0.00019; 14332/3560 tok/s;   4068 sec
[2019-04-01 16:10:47,748 INFO] Step 215700/220000; acc:  99.71; ppl:  1.01; xent: 0.01; lr: 0.00019; 16150/2768 tok/s;   4081 sec
[2019-04-01 16:10:54,029 INFO] Loading train dataset from data/demo.train.1.pt, number of examples: 5397
[2019-04-01 16:11:00,692 INFO] Step 215750/220000; acc:  99.10; ppl:  1.03; xent: 0.03; lr: 0.00019; 19900/2506 tok/s;   4094 sec
[2019-04-01 16:11:13,292 INFO] Step 215800/220000; acc: 100.00; ppl:  1.01; xent: 0.01; lr: 0.00019; 17062/3089 tok/s;   4107 sec
[2019-04-01 16:11:15,705 INFO] Loading train dataset from data/demo.train.1.pt, number of examples: 5397
[2019-04-01 16:11:26,184 INFO] Step 215850/220000; acc:  99.64; ppl:  1.01; xent: 0.01; lr: 0.00019; 19891/3390 tok/s;   4120 sec
[2019-04-01 16:11:37,546 INFO] Loading train dataset from data/demo.train.1.pt, number of examples: 5397
[2019-04-01 16:11:38,860 INFO] Step 215900/220000; acc:  99.37; ppl:  1.01; xent: 0.01; lr: 0.00019; 13196/3497 tok/s;   4132 sec
[2019-04-01 16:11:51,757 INFO] Step 215950/220000; acc:  99.52; ppl:  1.02; xent: 0.02; lr: 0.00019; 15560/3343 tok/s;   4145 sec
[2019-04-01 16:11:59,184 INFO] Loading train dataset from data/demo.train.1.pt, number of examples: 5397
[2019-04-01 16:12:04,673 INFO] Step 216000/220000; acc:  99.79; ppl:  1.01; xent: 0.01; lr: 0.00019; 19810/3164 tok/s;   4158 sec
[2019-04-01 16:12:17,338 INFO] Step 216050/220000; acc:  99.52; ppl:  1.01; xent: 0.01; lr: 0.00019; 18411/3722 tok/s;   4171 sec
[2019-04-01 16:12:21,000 INFO] Loading train dataset from data/demo.train.1.pt, number of examples: 5397
[2019-04-01 16:12:30,247 INFO] Step 216100/220000; acc:  99.71; ppl:  1.02; xent: 0.02; lr: 0.00019; 18511/2367 tok/s;   4184 sec
[2019-04-01 16:12:42,472 INFO] Step 216150/220000; acc:  99.19; ppl:  1.02; xent: 0.02; lr: 0.00019; 13270/2473 tok/s;   4196 sec
[2019-04-01 16:12:42,600 INFO] Loading train dataset from data/demo.train.1.pt, number of examples: 5397
[2019-04-01 16:12:55,789 INFO] Step 216200/220000; acc:  99.37; ppl:  1.02; xent: 0.02; lr: 0.00019; 17760/3301 tok/s;   4209 sec
[2019-04-01 16:13:04,445 INFO] Loading train dataset from data/demo.train.1.pt, number of examples: 5397
[2019-04-01 16:13:08,368 INFO] Step 216250/220000; acc:  99.41; ppl:  1.02; xent: 0.02; lr: 0.00019; 14922/4286 tok/s;   4222 sec
[2019-04-01 16:13:21,214 INFO] Step 216300/220000; acc:  99.86; ppl:  1.01; xent: 0.01; lr: 0.00019; 18435/2485 tok/s;   4235 sec
[2019-04-01 16:13:26,153 INFO] Loading train dataset from data/demo.train.1.pt, number of examples: 5397
[2019-04-01 16:13:34,082 INFO] Step 216350/220000; acc:  99.20; ppl:  1.02; xent: 0.02; lr: 0.00019; 17078/3829 tok/s;   4247 sec
[2019-04-01 16:13:46,812 INFO] Step 216400/220000; acc:  99.66; ppl:  1.02; xent: 0.02; lr: 0.00019; 15621/2174 tok/s;   4260 sec
[2019-04-01 16:13:48,021 INFO] Loading train dataset from data/demo.train.1.pt, number of examples: 5397
[2019-04-01 16:13:59,864 INFO] Step 216450/220000; acc:  99.76; ppl:  1.01; xent: 0.01; lr: 0.00019; 14286/3637 tok/s;   4273 sec
[2019-04-01 16:14:09,820 INFO] Loading train dataset from data/demo.train.1.pt, number of examples: 5397
[2019-04-01 16:14:12,380 INFO] Step 216500/220000; acc:  99.56; ppl:  1.03; xent: 0.03; lr: 0.00019; 15284/3796 tok/s;   4286 sec
[2019-04-01 16:14:25,334 INFO] Step 216550/220000; acc:  99.71; ppl:  1.01; xent: 0.01; lr: 0.00019; 14491/2484 tok/s;   4299 sec
[2019-04-01 16:14:31,537 INFO] Loading train dataset from data/demo.train.1.pt, number of examples: 5397
[2019-04-01 16:14:38,122 INFO] Step 216600/220000; acc:  99.82; ppl:  1.01; xent: 0.01; lr: 0.00019; 20784/2617 tok/s;   4311 sec
[2019-04-01 16:14:50,808 INFO] Step 216650/220000; acc:  99.55; ppl:  1.02; xent: 0.02; lr: 0.00019; 17433/3156 tok/s;   4324 sec
[2019-04-01 16:14:53,230 INFO] Loading train dataset from data/demo.train.1.pt, number of examples: 5397
[2019-04-01 16:15:03,840 INFO] Step 216700/220000; acc:  99.88; ppl:  1.01; xent: 0.01; lr: 0.00019; 17528/2987 tok/s;   4337 sec
[2019-04-01 16:15:15,428 INFO] Loading train dataset from data/demo.train.1.pt, number of examples: 5397
[2019-04-01 16:15:16,755 INFO] Step 216750/220000; acc:  99.37; ppl:  1.02; xent: 0.02; lr: 0.00019; 13225/3505 tok/s;   4350 sec
[2019-04-01 16:15:29,932 INFO] Step 216800/220000; acc:  99.52; ppl:  1.01; xent: 0.01; lr: 0.00019; 15646/3362 tok/s;   4363 sec
[2019-04-01 16:15:37,308 INFO] Loading train dataset from data/demo.train.1.pt, number of examples: 5397
[2019-04-01 16:15:42,700 INFO] Step 216850/220000; acc:  99.07; ppl:  1.02; xent: 0.02; lr: 0.00019; 19980/3191 tok/s;   4376 sec
[2019-04-01 16:15:55,632 INFO] Step 216900/220000; acc:  99.33; ppl:  1.02; xent: 0.02; lr: 0.00019; 18407/3721 tok/s;   4389 sec
[2019-04-01 16:15:59,300 INFO] Loading train dataset from data/demo.train.1.pt, number of examples: 5397
[2019-04-01 16:16:08,684 INFO] Step 216950/220000; acc:  99.71; ppl:  1.01; xent: 0.01; lr: 0.00019; 19026/2433 tok/s;   4402 sec
[2019-04-01 16:16:21,139 INFO] Step 217000/220000; acc:  99.03; ppl:  1.05; xent: 0.05; lr: 0.00019; 14541/2710 tok/s;   4415 sec
[2019-04-01 16:16:21,241 INFO] Loading train dataset from data/demo.train.1.pt, number of examples: 5397
[2019-04-01 16:16:34,378 INFO] Step 217050/220000; acc:  99.62; ppl:  1.01; xent: 0.01; lr: 0.00019; 16980/3156 tok/s;   4428 sec
[2019-04-01 16:16:43,261 INFO] Loading train dataset from data/demo.train.1.pt, number of examples: 5397
[2019-04-01 16:16:47,145 INFO] Step 217100/220000; acc:  99.51; ppl:  1.01; xent: 0.01; lr: 0.00019; 14638/4204 tok/s;   4441 sec
[2019-04-01 16:17:00,384 INFO] Step 217150/220000; acc:  99.28; ppl:  1.02; xent: 0.02; lr: 0.00019; 17579/2370 tok/s;   4454 sec
[2019-04-01 16:17:05,244 INFO] Loading train dataset from data/demo.train.1.pt, number of examples: 5397
[2019-04-01 16:17:13,181 INFO] Step 217200/220000; acc:  99.60; ppl:  1.01; xent: 0.01; lr: 0.00019; 17476/3918 tok/s;   4467 sec
[2019-04-01 16:17:25,734 INFO] Step 217250/220000; acc:  99.66; ppl:  1.03; xent: 0.02; lr: 0.00019; 15651/2179 tok/s;   4479 sec
[2019-04-01 16:17:26,972 INFO] Loading train dataset from data/demo.train.1.pt, number of examples: 5397
[2019-04-01 16:17:38,674 INFO] Step 217300/220000; acc:  99.88; ppl:  1.01; xent: 0.01; lr: 0.00019; 15251/3883 tok/s;   4492 sec
[2019-04-01 16:17:48,538 INFO] Loading train dataset from data/demo.train.1.pt, number of examples: 5397
[2019-04-01 16:17:51,060 INFO] Step 217350/220000; acc:  99.67; ppl:  1.01; xent: 0.01; lr: 0.00019; 15387/3822 tok/s;   4504 sec
[2019-04-01 16:18:03,876 INFO] Step 217400/220000; acc:  99.42; ppl:  1.02; xent: 0.02; lr: 0.00019; 15630/2679 tok/s;   4517 sec
[2019-04-01 16:18:10,061 INFO] Loading train dataset from data/demo.train.1.pt, number of examples: 5397
[2019-04-01 16:18:16,906 INFO] Step 217450/220000; acc:  99.82; ppl:  1.01; xent: 0.01; lr: 0.00019; 20728/2610 tok/s;   4530 sec
[2019-04-01 16:18:29,448 INFO] Step 217500/220000; acc:  99.55; ppl:  1.01; xent: 0.01; lr: 0.00019; 18274/3308 tok/s;   4543 sec
[2019-04-01 16:18:31,991 INFO] Loading train dataset from data/demo.train.1.pt, number of examples: 5397
[2019-04-01 16:18:42,526 INFO] Step 217550/220000; acc:  99.28; ppl:  1.01; xent: 0.01; lr: 0.00019; 19744/3365 tok/s;   4556 sec
[2019-04-01 16:18:53,801 INFO] Loading train dataset from data/demo.train.1.pt, number of examples: 5397
[2019-04-01 16:18:55,080 INFO] Step 217600/220000; acc:  99.24; ppl:  1.02; xent: 0.02; lr: 0.00019; 13334/3534 tok/s;   4568 sec
[2019-04-01 16:19:08,077 INFO] Step 217650/220000; acc:  99.52; ppl:  1.01; xent: 0.01; lr: 0.00019; 15867/3409 tok/s;   4581 sec
[2019-04-01 16:19:15,454 INFO] Loading train dataset from data/demo.train.1.pt, number of examples: 5397
[2019-04-01 16:19:20,667 INFO] Step 217700/220000; acc: 100.00; ppl:  1.00; xent: 0.00; lr: 0.00019; 20029/3199 tok/s;   4594 sec
[2019-04-01 16:19:33,254 INFO] Step 217750/220000; acc:  99.43; ppl:  1.02; xent: 0.02; lr: 0.00019; 18575/3755 tok/s;   4607 sec
[2019-04-01 16:19:36,881 INFO] Loading train dataset from data/demo.train.1.pt, number of examples: 5397
[2019-04-01 16:19:46,136 INFO] Step 217800/220000; acc: 100.00; ppl:  1.01; xent: 0.01; lr: 0.00019; 19219/2458 tok/s;   4620 sec
[2019-04-01 16:19:58,764 INFO] Step 217850/220000; acc:  99.84; ppl:  1.01; xent: 0.01; lr: 0.00019; 13987/2607 tok/s;   4632 sec
[2019-04-01 16:19:58,855 INFO] Loading train dataset from data/demo.train.1.pt, number of examples: 5397
[2019-04-01 16:20:11,878 INFO] Step 217900/220000; acc:  99.50; ppl:  1.01; xent: 0.01; lr: 0.00019; 16430/3054 tok/s;   4645 sec
[2019-04-01 16:20:20,529 INFO] Loading train dataset from data/demo.train.1.pt, number of examples: 5397
[2019-04-01 16:20:24,348 INFO] Step 217950/220000; acc:  99.41; ppl:  1.03; xent: 0.03; lr: 0.00019; 15766/4528 tok/s;   4658 sec
[2019-04-01 16:20:37,227 INFO] Step 218000/220000; acc:  99.28; ppl:  1.02; xent: 0.02; lr: 0.00019; 18617/2510 tok/s;   4671 sec
[2019-04-01 16:20:42,129 INFO] Loading train dataset from data/demo.train.1.pt, number of examples: 5397
[2019-04-01 16:20:50,114 INFO] Step 218050/220000; acc:  99.60; ppl:  1.02; xent: 0.02; lr: 0.00019; 16723/3750 tok/s;   4683 sec
[2019-04-01 16:21:02,665 INFO] Step 218100/220000; acc:  99.49; ppl:  1.01; xent: 0.01; lr: 0.00019; 16570/2307 tok/s;   4696 sec
[2019-04-01 16:21:03,875 INFO] Loading train dataset from data/demo.train.1.pt, number of examples: 5397
[2019-04-01 16:21:15,732 INFO] Step 218150/220000; acc:  99.76; ppl:  1.01; xent: 0.01; lr: 0.00019; 15261/3885 tok/s;   4709 sec
[2019-04-01 16:21:25,627 INFO] Loading train dataset from data/demo.train.1.pt, number of examples: 5397
[2019-04-01 16:21:28,171 INFO] Step 218200/220000; acc:  99.78; ppl:  1.01; xent: 0.01; lr: 0.00019; 15403/3826 tok/s;   4722 sec
[2019-04-01 16:21:41,236 INFO] Step 218250/220000; acc:  99.85; ppl:  1.00; xent: 0.00; lr: 0.00019; 15619/2677 tok/s;   4735 sec
[2019-04-01 16:21:47,506 INFO] Loading train dataset from data/demo.train.1.pt, number of examples: 5397
[2019-04-01 16:21:54,100 INFO] Step 218300/220000; acc: 100.00; ppl:  1.01; xent: 0.01; lr: 0.00019; 20556/2588 tok/s;   4747 sec
[2019-04-01 16:22:06,861 INFO] Step 218350/220000; acc:  99.70; ppl:  1.01; xent: 0.01; lr: 0.00019; 17266/3126 tok/s;   4760 sec
[2019-04-01 16:22:09,268 INFO] Loading train dataset from data/demo.train.1.pt, number of examples: 5397
[2019-04-01 16:22:19,778 INFO] Step 218400/220000; acc:  99.76; ppl:  1.01; xent: 0.01; lr: 0.00019; 19329/3294 tok/s;   4773 sec
[2019-04-01 16:22:31,011 INFO] Loading train dataset from data/demo.train.1.pt, number of examples: 5397
[2019-04-01 16:22:32,281 INFO] Step 218450/220000; acc:  99.37; ppl:  1.02; xent: 0.02; lr: 0.00019; 13514/3581 tok/s;   4786 sec
[2019-04-01 16:22:45,114 INFO] Step 218500/220000; acc:  99.64; ppl:  1.01; xent: 0.01; lr: 0.00019; 15901/3416 tok/s;   4798 sec
[2019-04-01 16:22:52,652 INFO] Loading train dataset from data/demo.train.1.pt, number of examples: 5397
[2019-04-01 16:22:57,846 INFO] Step 218550/220000; acc:  99.79; ppl:  1.01; xent: 0.01; lr: 0.00019; 20176/3222 tok/s;   4811 sec
[2019-04-01 16:23:10,718 INFO] Step 218600/220000; acc:  99.71; ppl:  1.01; xent: 0.01; lr: 0.00019; 16754/3387 tok/s;   4824 sec
[2019-04-01 16:23:14,393 INFO] Loading train dataset from data/demo.train.1.pt, number of examples: 5397
[2019-04-01 16:23:23,605 INFO] Step 218650/220000; acc:  99.71; ppl:  1.01; xent: 0.01; lr: 0.00019; 18703/2392 tok/s;   4837 sec
[2019-04-01 16:23:36,299 INFO] Step 218700/220000; acc:  99.68; ppl:  1.01; xent: 0.01; lr: 0.00019; 14368/2678 tok/s;   4850 sec
[2019-04-01 16:23:36,437 INFO] Loading train dataset from data/demo.train.1.pt, number of examples: 5397
[2019-04-01 16:23:49,788 INFO] Step 218750/220000; acc:  99.87; ppl:  1.01; xent: 0.01; lr: 0.00019; 15871/2950 tok/s;   4863 sec
[2019-04-01 16:23:58,638 INFO] Loading train dataset from data/demo.train.1.pt, number of examples: 5397
[2019-04-01 16:24:02,554 INFO] Step 218800/220000; acc:  99.51; ppl:  1.01; xent: 0.01; lr: 0.00019; 14422/4142 tok/s;   4876 sec
[2019-04-01 16:24:15,888 INFO] Step 218850/220000; acc:  99.13; ppl:  1.02; xent: 0.02; lr: 0.00019; 17951/2420 tok/s;   4889 sec
[2019-04-01 16:24:21,027 INFO] Loading train dataset from data/demo.train.1.pt, number of examples: 5397
[2019-04-01 16:24:29,205 INFO] Step 218900/220000; acc:  99.60; ppl:  1.02; xent: 0.02; lr: 0.00019; 15195/3407 tok/s;   4903 sec
[2019-04-01 16:24:41,987 INFO] Step 218950/220000; acc:  99.66; ppl:  1.01; xent: 0.01; lr: 0.00019; 16675/2321 tok/s;   4915 sec
[2019-04-01 16:24:43,289 INFO] Loading train dataset from data/demo.train.1.pt, number of examples: 5397
[2019-04-01 16:24:55,399 INFO] Step 219000/220000; acc:  99.88; ppl:  1.01; xent: 0.01; lr: 0.00019; 13796/3512 tok/s;   4929 sec
[2019-04-01 16:25:05,518 INFO] Loading train dataset from data/demo.train.1.pt, number of examples: 5397
[2019-04-01 16:25:08,202 INFO] Step 219050/220000; acc:  99.78; ppl:  1.01; xent: 0.01; lr: 0.00019; 15095/3749 tok/s;   4942 sec
[2019-04-01 16:25:21,410 INFO] Step 219100/220000; acc:  99.27; ppl:  1.01; xent: 0.01; lr: 0.00019; 14892/2552 tok/s;   4955 sec
[2019-04-01 16:25:27,778 INFO] Loading train dataset from data/demo.train.1.pt, number of examples: 5397
[2019-04-01 16:25:34,670 INFO] Step 219150/220000; acc:  99.64; ppl:  1.01; xent: 0.01; lr: 0.00019; 19879/2503 tok/s;   4968 sec
[2019-04-01 16:25:47,552 INFO] Step 219200/220000; acc:  99.40; ppl:  1.01; xent: 0.01; lr: 0.00019; 17625/3191 tok/s;   4981 sec
[2019-04-01 16:25:50,112 INFO] Loading train dataset from data/demo.train.1.pt, number of examples: 5397
[2019-04-01 16:26:00,656 INFO] Step 219250/220000; acc:  99.52; ppl:  1.02; xent: 0.02; lr: 0.00019; 19538/3330 tok/s;   4994 sec
[2019-04-01 16:26:12,022 INFO] Loading train dataset from data/demo.train.1.pt, number of examples: 5397
[2019-04-01 16:26:13,308 INFO] Step 219300/220000; acc:  99.49; ppl:  1.01; xent: 0.01; lr: 0.00019; 13430/3559 tok/s;   5007 sec
[2019-04-01 16:26:26,466 INFO] Step 219350/220000; acc:  99.64; ppl:  1.01; xent: 0.01; lr: 0.00019; 15220/3270 tok/s;   5020 sec
[2019-04-01 16:26:34,090 INFO] Loading train dataset from data/demo.train.1.pt, number of examples: 5397
[2019-04-01 16:26:39,345 INFO] Step 219400/220000; acc:  99.48; ppl:  1.02; xent: 0.02; lr: 0.00019; 20027/3198 tok/s;   5033 sec
[2019-04-01 16:26:52,505 INFO] Step 219450/220000; acc:  99.81; ppl:  1.01; xent: 0.01; lr: 0.00019; 18490/3738 tok/s;   5046 sec
[2019-04-01 16:26:56,167 INFO] Loading train dataset from data/demo.train.1.pt, number of examples: 5397
[2019-04-01 16:27:05,474 INFO] Step 219500/220000; acc:  99.71; ppl:  1.01; xent: 0.01; lr: 0.00019; 19245/2461 tok/s;   5059 sec
[2019-04-01 16:27:17,909 INFO] Step 219550/220000; acc:  99.52; ppl:  1.02; xent: 0.02; lr: 0.00019; 14594/2720 tok/s;   5071 sec
[2019-04-01 16:27:17,977 INFO] Loading train dataset from data/demo.train.1.pt, number of examples: 5397
[2019-04-01 16:27:31,359 INFO] Step 219600/220000; acc:  99.87; ppl:  1.01; xent: 0.01; lr: 0.00019; 17541/3260 tok/s;   5085 sec
[2019-04-01 16:27:40,256 INFO] Loading train dataset from data/demo.train.1.pt, number of examples: 5397
[2019-04-01 16:27:44,184 INFO] Step 219650/220000; acc:  99.80; ppl:  1.01; xent: 0.01; lr: 0.00019; 13770/3955 tok/s;   5098 sec
[2019-04-01 16:27:57,202 INFO] Step 219700/220000; acc:  99.86; ppl:  1.01; xent: 0.01; lr: 0.00019; 18490/2493 tok/s;   5111 sec
[2019-04-01 16:28:02,285 INFO] Loading train dataset from data/demo.train.1.pt, number of examples: 5397
[2019-04-01 16:28:10,644 INFO] Step 219750/220000; acc:  99.70; ppl:  1.01; xent: 0.01; lr: 0.00019; 16134/3618 tok/s;   5124 sec
[2019-04-01 16:28:23,107 INFO] Step 219800/220000; acc: 100.00; ppl:  1.01; xent: 0.01; lr: 0.00019; 16101/2241 tok/s;   5136 sec
[2019-04-01 16:28:24,338 INFO] Loading train dataset from data/demo.train.1.pt, number of examples: 5397
[2019-04-01 16:28:36,513 INFO] Step 219850/220000; acc:  99.40; ppl:  1.02; xent: 0.02; lr: 0.00019; 13366/3403 tok/s;   5150 sec
[2019-04-01 16:28:46,411 INFO] Loading train dataset from data/demo.train.1.pt, number of examples: 5397
[2019-04-01 16:28:48,926 INFO] Step 219900/220000; acc:  99.67; ppl:  1.01; xent: 0.01; lr: 0.00019; 15231/3783 tok/s;   5162 sec
[2019-04-01 16:29:02,014 INFO] Step 219950/220000; acc:  99.71; ppl:  1.01; xent: 0.01; lr: 0.00019; 15792/2707 tok/s;   5175 sec
[2019-04-01 16:29:08,360 INFO] Loading train dataset from data/demo.train.1.pt, number of examples: 5397
[2019-04-01 16:29:14,981 INFO] Step 220000/220000; acc:  99.64; ppl:  1.01; xent: 0.01; lr: 0.00019; 20509/2582 tok/s;   5188 sec
[2019-04-01 16:29:15,080 INFO] Loading valid dataset from data/demo.valid.1.pt, number of examples: 10013
[2019-04-01 16:29:30,837 INFO] Validation perplexity: 7.62302e+06
[2019-04-01 16:29:30,837 INFO] Validation accuracy: 12.9581
[2019-04-01 16:29:30,839 INFO] Saving checkpoint originalval_fris_200000_s100_t50/demo-model_step_220000.pt
[2019-04-01 16:29:32,588 INFO] Loading train dataset from data/demo.train.1.pt, number of examples: 5397
